0 verbose cli /usr/local/bin/node /usr/local/bin/npm
1 info using npm@10.9.3
2 info using node@v22.19.0
3 silly config load:file:/usr/local/lib/node_modules/npm/npmrc
4 silly config load:file:/Users/zakaria/Documents/AllProjects-react/BiblioSmart/.npmrc
5 silly config load:file:/Users/zakaria/.npmrc
6 silly config load:file:/usr/local/etc/npmrc
7 verbose title npm install
8 verbose argv "install"
9 verbose logfile logs-max:10 dir:/Users/zakaria/Documents/AllProjects-react/BiblioSmart/.npm-cache/_logs/2025-11-02T00_47_04_158Z-
10 verbose logfile /Users/zakaria/Documents/AllProjects-react/BiblioSmart/.npm-cache/_logs/2025-11-02T00_47_04_158Z-debug-0.log
11 silly logfile done cleaning log files
12 silly packumentCache heap:2197815296 maxSize:549453824 maxEntrySize:274726912
13 silly idealTree buildDeps
14 silly reify mark retired [
14 silly reify   '/Users/zakaria/Documents/AllProjects-react/BiblioSmart/node_modules/@tailwindcss/node'
14 silly reify ]
15 silly reify mark retired [
15 silly reify   '/Users/zakaria/Documents/AllProjects-react/BiblioSmart/node_modules/@tailwindcss/oxide'
15 silly reify ]
16 silly reify mark retired [
16 silly reify   '/Users/zakaria/Documents/AllProjects-react/BiblioSmart/node_modules/@tailwindcss/oxide-darwin-x64'
16 silly reify ]
17 silly reify mark retired [
17 silly reify   '/Users/zakaria/Documents/AllProjects-react/BiblioSmart/node_modules/@tailwindcss/postcss'
17 silly reify ]
18 silly reify mark retired [
18 silly reify   '/Users/zakaria/Documents/AllProjects-react/BiblioSmart/node_modules/enhanced-resolve'
18 silly reify ]
19 silly reify mark retired [
19 silly reify   '/Users/zakaria/Documents/AllProjects-react/BiblioSmart/node_modules/graceful-fs'
19 silly reify ]
20 silly reify mark retired [
20 silly reify   '/Users/zakaria/Documents/AllProjects-react/BiblioSmart/node_modules/magic-string'
20 silly reify ]
21 silly reify mark retired [
21 silly reify   '/Users/zakaria/Documents/AllProjects-react/BiblioSmart/node_modules/tapable'
21 silly reify ]
22 silly reify moves {
22 silly reify   '/Users/zakaria/Documents/AllProjects-react/BiblioSmart/node_modules/@tailwindcss/node': '/Users/zakaria/Documents/AllProjects-react/BiblioSmart/node_modules/@tailwindcss/.node-jNwrCjqa',
22 silly reify   '/Users/zakaria/Documents/AllProjects-react/BiblioSmart/node_modules/@tailwindcss/oxide': '/Users/zakaria/Documents/AllProjects-react/BiblioSmart/node_modules/@tailwindcss/.oxide-vfQhwBQU',
22 silly reify   '/Users/zakaria/Documents/AllProjects-react/BiblioSmart/node_modules/@tailwindcss/oxide-darwin-x64': '/Users/zakaria/Documents/AllProjects-react/BiblioSmart/node_modules/@tailwindcss/.oxide-darwin-x64-yeQEA6sJ',
22 silly reify   '/Users/zakaria/Documents/AllProjects-react/BiblioSmart/node_modules/@tailwindcss/postcss': '/Users/zakaria/Documents/AllProjects-react/BiblioSmart/node_modules/@tailwindcss/.postcss-NUVtGLIu',
22 silly reify   '/Users/zakaria/Documents/AllProjects-react/BiblioSmart/node_modules/enhanced-resolve': '/Users/zakaria/Documents/AllProjects-react/BiblioSmart/node_modules/.enhanced-resolve-3yegkGng',
22 silly reify   '/Users/zakaria/Documents/AllProjects-react/BiblioSmart/node_modules/graceful-fs': '/Users/zakaria/Documents/AllProjects-react/BiblioSmart/node_modules/.graceful-fs-PNK1qgDG',
22 silly reify   '/Users/zakaria/Documents/AllProjects-react/BiblioSmart/node_modules/magic-string': '/Users/zakaria/Documents/AllProjects-react/BiblioSmart/node_modules/.magic-string-EYqlk1FI',
22 silly reify   '/Users/zakaria/Documents/AllProjects-react/BiblioSmart/node_modules/tapable': '/Users/zakaria/Documents/AllProjects-react/BiblioSmart/node_modules/.tapable-AyrnrAsW'
22 silly reify }
23 silly audit bulk request {
23 silly audit   'bibliosmart-backend': [ '0.1.0' ],
23 silly audit   'bibliosmart-frontend': [ '0.1.0' ],
23 silly audit   '@alloc/quick-lru': [ '5.2.0' ],
23 silly audit   '@babel/code-frame': [ '7.27.1' ],
23 silly audit   '@babel/compat-data': [ '7.28.5' ],
23 silly audit   '@babel/core': [ '7.28.5' ],
23 silly audit   semver: [ '6.3.1', '7.7.3' ],
23 silly audit   '@babel/generator': [ '7.28.5' ],
23 silly audit   '@babel/helper-compilation-targets': [ '7.27.2' ],
23 silly audit   '@babel/helper-globals': [ '7.28.0' ],
23 silly audit   '@babel/helper-module-imports': [ '7.27.1' ],
23 silly audit   '@babel/helper-module-transforms': [ '7.28.3' ],
23 silly audit   '@babel/helper-plugin-utils': [ '7.27.1' ],
23 silly audit   '@babel/helper-string-parser': [ '7.27.1' ],
23 silly audit   '@babel/helper-validator-identifier': [ '7.28.5' ],
23 silly audit   '@babel/helper-validator-option': [ '7.27.1' ],
23 silly audit   '@babel/helpers': [ '7.28.4' ],
23 silly audit   '@babel/parser': [ '7.28.5' ],
23 silly audit   '@babel/plugin-transform-react-jsx-self': [ '7.27.1' ],
23 silly audit   '@babel/plugin-transform-react-jsx-source': [ '7.27.1' ],
23 silly audit   '@babel/template': [ '7.27.2' ],
23 silly audit   '@babel/traverse': [ '7.28.5' ],
23 silly audit   '@babel/types': [ '7.28.5' ],
23 silly audit   '@cspotcode/source-map-support': [ '0.8.1' ],
23 silly audit   '@jridgewell/trace-mapping': [ '0.3.9', '0.3.31' ],
23 silly audit   '@esbuild/aix-ppc64': [ '0.21.5' ],
23 silly audit   '@esbuild/android-arm': [ '0.21.5' ],
23 silly audit   '@esbuild/android-arm64': [ '0.21.5' ],
23 silly audit   '@esbuild/android-x64': [ '0.21.5' ],
23 silly audit   '@esbuild/darwin-arm64': [ '0.21.5' ],
23 silly audit   '@esbuild/darwin-x64': [ '0.21.5' ],
23 silly audit   '@esbuild/freebsd-arm64': [ '0.21.5' ],
23 silly audit   '@esbuild/freebsd-x64': [ '0.21.5' ],
23 silly audit   '@esbuild/linux-arm': [ '0.21.5' ],
23 silly audit   '@esbuild/linux-arm64': [ '0.21.5' ],
23 silly audit   '@esbuild/linux-ia32': [ '0.21.5' ],
23 silly audit   '@esbuild/linux-loong64': [ '0.21.5' ],
23 silly audit   '@esbuild/linux-mips64el': [ '0.21.5' ],
23 silly audit   '@esbuild/linux-ppc64': [ '0.21.5' ],
23 silly audit   '@esbuild/linux-riscv64': [ '0.21.5' ],
23 silly audit   '@esbuild/linux-s390x': [ '0.21.5' ],
23 silly audit   '@esbuild/linux-x64': [ '0.21.5' ],
23 silly audit   '@esbuild/netbsd-x64': [ '0.21.5' ],
23 silly audit   '@esbuild/openbsd-x64': [ '0.21.5' ],
23 silly audit   '@esbuild/sunos-x64': [ '0.21.5' ],
23 silly audit   '@esbuild/win32-arm64': [ '0.21.5' ],
23 silly audit   '@esbuild/win32-ia32': [ '0.21.5' ],
23 silly audit   '@esbuild/win32-x64': [ '0.21.5' ],
23 silly audit   '@eslint-community/eslint-utils': [ '4.9.0' ],
23 silly audit   '@eslint-community/regexpp': [ '4.12.2' ],
23 silly audit   '@eslint/config-array': [ '0.21.1' ],
23 silly audit   'brace-expansion': [ '1.1.12', '2.0.2' ],
23 silly audit   minimatch: [ '3.1.2', '9.0.5' ],
23 silly audit   '@eslint/config-helpers': [ '0.4.2' ],
23 silly audit   '@eslint/core': [ '0.17.0' ],
23 silly audit   '@eslint/eslintrc': [ '3.3.1' ],
23 silly audit   ignore: [ '5.3.2', '7.0.5' ],
23 silly audit   '@eslint/js': [ '9.39.0' ],
23 silly audit   '@eslint/object-schema': [ '2.1.7' ],
23 silly audit   '@eslint/plugin-kit': [ '0.4.1' ],
23 silly audit   '@floating-ui/core': [ '1.7.3' ],
23 silly audit   '@floating-ui/dom': [ '1.7.4' ],
23 silly audit   '@floating-ui/react': [ '0.26.28' ],
23 silly audit   '@floating-ui/react-dom': [ '2.1.6' ],
23 silly audit   '@floating-ui/utils': [ '0.2.10' ],
23 silly audit   '@headlessui/react': [ '2.2.9' ],
23 silly audit   '@heroicons/react': [ '2.2.0' ],
23 silly audit   '@humanfs/core': [ '0.19.1' ],
23 silly audit   '@humanfs/node': [ '0.16.7' ],
23 silly audit   '@humanwhocodes/module-importer': [ '1.0.1' ],
23 silly audit   '@humanwhocodes/retry': [ '0.4.3' ],
23 silly audit   '@isaacs/cliui': [ '8.0.2' ],
23 silly audit   '@jridgewell/gen-mapping': [ '0.3.13' ],
23 silly audit   '@jridgewell/remapping': [ '2.3.5' ],
23 silly audit   '@jridgewell/resolve-uri': [ '3.1.2' ],
23 silly audit   '@jridgewell/sourcemap-codec': [ '1.5.5' ],
23 silly audit   '@nodelib/fs.scandir': [ '2.1.5' ],
23 silly audit   '@nodelib/fs.stat': [ '2.0.5' ],
23 silly audit   '@nodelib/fs.walk': [ '1.2.8' ],
23 silly audit   '@pkgjs/parseargs': [ '0.11.0' ],
23 silly audit   '@prisma/client': [ '5.22.0' ],
23 silly audit   '@prisma/debug': [ '5.22.0' ],
23 silly audit   '@prisma/engines': [ '5.22.0' ],
23 silly audit   '@prisma/engines-version': [ '5.22.0-44.605197351a3c8bdd595af2d2a9bc3025bca48ea2' ],
23 silly audit   '@prisma/fetch-engine': [ '5.22.0' ],
23 silly audit   '@prisma/get-platform': [ '5.22.0' ],
23 silly audit   '@react-aria/focus': [ '3.21.2' ],
23 silly audit   '@react-aria/interactions': [ '3.25.6' ],
23 silly audit   '@react-aria/ssr': [ '3.9.10' ],
23 silly audit   '@react-aria/utils': [ '3.31.0' ],
23 silly audit   '@react-stately/flags': [ '3.1.2' ],
23 silly audit   '@react-stately/utils': [ '3.10.8' ],
23 silly audit   '@react-types/shared': [ '3.32.1' ],
23 silly audit   '@remix-run/router': [ '1.23.0' ],
23 silly audit   '@rolldown/pluginutils': [ '1.0.0-beta.27' ],
23 silly audit   '@rollup/rollup-android-arm-eabi': [ '4.52.5' ],
23 silly audit   '@rollup/rollup-android-arm64': [ '4.52.5' ],
23 silly audit   '@rollup/rollup-darwin-arm64': [ '4.52.5' ],
23 silly audit   '@rollup/rollup-darwin-x64': [ '4.52.5' ],
23 silly audit   '@rollup/rollup-freebsd-arm64': [ '4.52.5' ],
23 silly audit   '@rollup/rollup-freebsd-x64': [ '4.52.5' ],
23 silly audit   '@rollup/rollup-linux-arm-gnueabihf': [ '4.52.5' ],
23 silly audit   '@rollup/rollup-linux-arm-musleabihf': [ '4.52.5' ],
23 silly audit   '@rollup/rollup-linux-arm64-gnu': [ '4.52.5' ],
23 silly audit   '@rollup/rollup-linux-arm64-musl': [ '4.52.5' ],
23 silly audit   '@rollup/rollup-linux-loong64-gnu': [ '4.52.5' ],
23 silly audit   '@rollup/rollup-linux-ppc64-gnu': [ '4.52.5' ],
23 silly audit   '@rollup/rollup-linux-riscv64-gnu': [ '4.52.5' ],
23 silly audit   '@rollup/rollup-linux-riscv64-musl': [ '4.52.5' ],
23 silly audit   '@rollup/rollup-linux-s390x-gnu': [ '4.52.5' ],
23 silly audit   '@rollup/rollup-linux-x64-gnu': [ '4.52.5' ],
23 silly audit   '@rollup/rollup-linux-x64-musl': [ '4.52.5' ],
23 silly audit   '@rollup/rollup-openharmony-arm64': [ '4.52.5' ],
23 silly audit   '@rollup/rollup-win32-arm64-msvc': [ '4.52.5' ],
23 silly audit   '@rollup/rollup-win32-ia32-msvc': [ '4.52.5' ],
23 silly audit   '@rollup/rollup-win32-x64-gnu': [ '4.52.5' ],
23 silly audit   '@rollup/rollup-win32-x64-msvc': [ '4.52.5' ],
23 silly audit   '@swc/helpers': [ '0.5.17' ],
23 silly audit   '@tanstack/react-virtual': [ '3.13.12' ],
23 silly audit   '@tanstack/virtual-core': [ '3.13.12' ],
23 silly audit   '@tsconfig/node10': [ '1.0.11' ],
23 silly audit   '@tsconfig/node12': [ '1.0.11' ],
23 silly audit   '@tsconfig/node14': [ '1.0.3' ],
23 silly audit   '@tsconfig/node16': [ '1.0.4' ],
23 silly audit   '@types/babel__core': [ '7.20.5' ],
23 silly audit   '@types/babel__generator': [ '7.27.0' ],
23 silly audit   '@types/babel__template': [ '7.4.4' ],
23 silly audit   '@types/babel__traverse': [ '7.28.0' ],
23 silly audit   '@types/bcryptjs': [ '2.4.6' ],
23 silly audit   '@types/body-parser': [ '1.19.6' ],
23 silly audit   '@types/connect': [ '3.4.38' ],
23 silly audit   '@types/cookie-parser': [ '1.4.10' ],
23 silly audit   '@types/cors': [ '2.8.19' ],
23 silly audit   '@types/estree': [ '1.0.8' ],
23 silly audit   '@types/express': [ '4.17.25' ],
23 silly audit   '@types/express-serve-static-core': [ '4.19.7' ],
23 silly audit   '@types/http-errors': [ '2.0.5' ],
23 silly audit   '@types/json-schema': [ '7.0.15' ],
23 silly audit   '@types/jsonwebtoken': [ '9.0.10' ],
23 silly audit   '@types/mime': [ '1.3.5' ],
23 silly audit   '@types/morgan': [ '1.9.10' ],
23 silly audit   '@types/ms': [ '2.1.0' ],
23 silly audit   '@types/node': [ '20.19.24' ],
23 silly audit   '@types/prop-types': [ '15.7.15' ],
23 silly audit   '@types/qs': [ '6.14.0' ],
23 silly audit   '@types/range-parser': [ '1.2.7' ],
23 silly audit   '@types/react': [ '18.3.26' ],
23 silly audit   '@types/react-dom': [ '18.3.7' ],
23 silly audit   '@types/send': [ '1.2.1', '0.17.6' ],
23 silly audit   '@types/serve-static': [ '1.15.10' ],
23 silly audit   '@types/strip-bom': [ '3.0.0' ],
23 silly audit   '@types/strip-json-comments': [ '0.0.30' ],
23 silly audit   '@typescript-eslint/eslint-plugin': [ '8.46.2' ],
23 silly audit   '@typescript-eslint/parser': [ '8.46.2' ],
23 silly audit   '@typescript-eslint/project-service': [ '8.46.2' ],
23 silly audit   '@typescript-eslint/scope-manager': [ '8.46.2' ],
23 silly audit   '@typescript-eslint/tsconfig-utils': [ '8.46.2' ],
23 silly audit   '@typescript-eslint/type-utils': [ '8.46.2' ],
23 silly audit   '@typescript-eslint/types': [ '8.46.2' ],
23 silly audit   '@typescript-eslint/typescript-estree': [ '8.46.2' ],
23 silly audit   '@typescript-eslint/utils': [ '8.46.2' ],
23 silly audit   '@typescript-eslint/visitor-keys': [ '8.46.2' ],
23 silly audit   'eslint-visitor-keys': [ '4.2.1', '3.4.3' ],
23 silly audit   '@vitejs/plugin-react': [ '4.7.0' ],
23 silly audit   accepts: [ '1.3.8' ],
23 silly audit   acorn: [ '8.15.0' ],
23 silly audit   'acorn-jsx': [ '5.3.2' ],
23 silly audit   'acorn-walk': [ '8.3.4' ],
23 silly audit   ajv: [ '6.12.6' ],
23 silly audit   'ansi-regex': [ '6.2.2', '5.0.1' ],
23 silly audit   'ansi-styles': [ '4.3.0', '6.2.3' ],
23 silly audit   'any-promise': [ '1.3.0' ],
23 silly audit   anymatch: [ '3.1.3' ],
23 silly audit   arg: [ '5.0.2', '4.1.3' ],
23 silly audit   argparse: [ '2.0.1' ],
23 silly audit   'array-flatten': [ '1.1.1' ],
23 silly audit   asynckit: [ '0.4.0' ],
23 silly audit   autoprefixer: [ '10.4.21' ],
23 silly audit   axios: [ '1.13.1' ],
23 silly audit   'balanced-match': [ '1.0.2' ],
23 silly audit   'baseline-browser-mapping': [ '2.8.23' ],
23 silly audit   'basic-auth': [ '2.0.1' ],
23 silly audit   'safe-buffer': [ '5.1.2', '5.2.1' ],
23 silly audit   bcryptjs: [ '2.4.3' ],
23 silly audit   'binary-extensions': [ '2.3.0' ],
23 silly audit   'body-parser': [ '1.20.3' ],
23 silly audit   debug: [ '2.6.9', '4.4.3' ],
23 silly audit   ms: [ '2.0.0', '2.1.3' ],
23 silly audit   braces: [ '3.0.3' ],
23 silly audit   browserslist: [ '4.27.0' ],
23 silly audit   'buffer-equal-constant-time': [ '1.0.1' ],
23 silly audit   'buffer-from': [ '1.1.2' ],
23 silly audit   bytes: [ '3.1.2' ],
23 silly audit   'call-bind-apply-helpers': [ '1.0.2' ],
23 silly audit   'call-bound': [ '1.0.4' ],
23 silly audit   callsites: [ '3.1.0' ],
23 silly audit   'camelcase-css': [ '2.0.1' ],
23 silly audit   'caniuse-lite': [ '1.0.30001752' ],
23 silly audit   chalk: [ '4.1.2' ],
23 silly audit   chokidar: [ '3.6.0' ],
23 silly audit   'glob-parent': [ '5.1.2', '6.0.2' ],
23 silly audit   clsx: [ '2.1.1' ],
23 silly audit   'color-convert': [ '2.0.1' ],
23 silly audit   'color-name': [ '1.1.4' ],
23 silly audit   'combined-stream': [ '1.0.8' ],
23 silly audit   commander: [ '4.1.1' ],
23 silly audit   'concat-map': [ '0.0.1' ],
23 silly audit   'content-disposition': [ '0.5.4' ],
23 silly audit   'content-type': [ '1.0.5' ],
23 silly audit   'convert-source-map': [ '2.0.0' ],
23 silly audit   cookie: [ '0.7.2', '0.7.1' ],
23 silly audit   'cookie-parser': [ '1.4.7' ],
23 silly audit   'cookie-signature': [ '1.0.6' ],
23 silly audit   cors: [ '2.8.5' ],
23 silly audit   'create-require': [ '1.1.1' ],
23 silly audit   'cross-spawn': [ '7.0.6' ],
23 silly audit   cssesc: [ '3.0.0' ],
23 silly audit   csstype: [ '3.1.3' ],
23 silly audit   'deep-is': [ '0.1.4' ],
23 silly audit   'delayed-stream': [ '1.0.0' ],
23 silly audit   depd: [ '2.0.0' ],
23 silly audit   destroy: [ '1.2.0' ],
23 silly audit   'detect-libc': [ '2.1.2' ],
23 silly audit   didyoumean: [ '1.2.2' ],
23 silly audit   diff: [ '4.0.2' ],
23 silly audit   dlv: [ '1.1.3' ],
23 silly audit   dotenv: [ '16.6.1' ],
23 silly audit   'dunder-proto': [ '1.0.1' ],
23 silly audit   'dynamic-dedupe': [ '0.3.0' ],
23 silly audit   eastasianwidth: [ '0.2.0' ],
23 silly audit   'ecdsa-sig-formatter': [ '1.0.11' ],
23 silly audit   'ee-first': [ '1.1.1' ],
23 silly audit   'electron-to-chromium': [ '1.5.244' ],
23 silly audit   'emoji-regex': [ '9.2.2', '8.0.0' ],
23 silly audit   encodeurl: [ '2.0.0', '1.0.2' ],
23 silly audit   'es-define-property': [ '1.0.1' ],
23 silly audit   'es-errors': [ '1.3.0' ],
23 silly audit   'es-object-atoms': [ '1.1.1' ],
23 silly audit   'es-set-tostringtag': [ '2.1.0' ],
23 silly audit   esbuild: [ '0.21.5' ],
23 silly audit   escalade: [ '3.2.0' ],
23 silly audit   'escape-html': [ '1.0.3' ],
23 silly audit   'escape-string-regexp': [ '4.0.0' ],
23 silly audit   eslint: [ '9.39.0' ],
23 silly audit   'eslint-config-prettier': [ '9.1.2' ],
23 silly audit   'eslint-plugin-react-hooks': [ '5.2.0' ],
23 silly audit   'eslint-scope': [ '8.4.0' ],
23 silly audit   espree: [ '10.4.0' ],
23 silly audit   esquery: [ '1.6.0' ],
23 silly audit   esrecurse: [ '4.3.0' ],
23 silly audit   estraverse: [ '5.3.0' ],
23 silly audit   esutils: [ '2.0.3' ],
23 silly audit   etag: [ '1.8.1' ],
23 silly audit   express: [ '4.21.2' ],
23 silly audit   'express-async-errors': [ '3.1.1' ],
23 silly audit   'fast-deep-equal': [ '3.1.3' ],
23 silly audit   'fast-glob': [ '3.3.3' ],
23 silly audit   'fast-json-stable-stringify': [ '2.1.0' ],
23 silly audit   'fast-levenshtein': [ '2.0.6' ],
23 silly audit   fastq: [ '1.19.1' ],
23 silly audit   'file-entry-cache': [ '8.0.0' ],
23 silly audit   'fill-range': [ '7.1.1' ],
23 silly audit   finalhandler: [ '1.3.1' ],
23 silly audit   'find-up': [ '5.0.0' ],
23 silly audit   'flat-cache': [ '4.0.1' ],
23 silly audit   flatted: [ '3.3.3' ],
23 silly audit   'follow-redirects': [ '1.15.11' ],
23 silly audit   'foreground-child': [ '3.3.1' ],
23 silly audit   'form-data': [ '4.0.4' ],
23 silly audit   forwarded: [ '0.2.0' ],
23 silly audit   'fraction.js': [ '4.3.7' ],
23 silly audit   'framer-motion': [ '11.18.2' ],
23 silly audit   fresh: [ '0.5.2' ],
23 silly audit   'fs.realpath': [ '1.0.0' ],
23 silly audit   fsevents: [ '2.3.3' ],
23 silly audit   'function-bind': [ '1.1.2' ],
23 silly audit   gensync: [ '1.0.0-beta.2' ],
23 silly audit   'get-intrinsic': [ '1.3.0' ],
23 silly audit   'get-proto': [ '1.0.1' ],
23 silly audit   glob: [ '10.4.5', '7.2.3' ],
23 silly audit   globals: [ '14.0.0' ],
23 silly audit   gopd: [ '1.2.0' ],
23 silly audit   graphemer: [ '1.4.0' ],
23 silly audit   'has-flag': [ '4.0.0' ],
23 silly audit   'has-symbols': [ '1.1.0' ],
23 silly audit   'has-tostringtag': [ '1.0.2' ],
23 silly audit   hasown: [ '2.0.2' ],
23 silly audit   helmet: [ '7.2.0' ],
23 silly audit   'http-errors': [ '2.0.0' ],
23 silly audit   'iconv-lite': [ '0.4.24' ],
23 silly audit   'import-fresh': [ '3.3.1' ],
23 silly audit   imurmurhash: [ '0.1.4' ],
23 silly audit   inflight: [ '1.0.6' ],
23 silly audit   inherits: [ '2.0.4' ],
23 silly audit   'ipaddr.js': [ '1.9.1' ],
23 silly audit   'is-binary-path': [ '2.1.0' ],
23 silly audit   'is-core-module': [ '2.16.1' ],
23 silly audit   'is-extglob': [ '2.1.1' ],
23 silly audit   'is-fullwidth-code-point': [ '3.0.0' ],
23 silly audit   'is-glob': [ '4.0.3' ],
23 silly audit   'is-number': [ '7.0.0' ],
23 silly audit   isexe: [ '2.0.0' ],
23 silly audit   jackspeak: [ '3.4.3' ],
23 silly audit   jiti: [ '2.6.1', '1.21.7' ],
23 silly audit   'js-tokens': [ '4.0.0' ],
23 silly audit   'js-yaml': [ '4.1.0' ],
23 silly audit   jsesc: [ '3.1.0' ],
23 silly audit   'json-buffer': [ '3.0.1' ],
23 silly audit   'json-schema-traverse': [ '0.4.1' ],
23 silly audit   'json-stable-stringify-without-jsonify': [ '1.0.1' ],
23 silly audit   json5: [ '2.2.3' ],
23 silly audit   jsonwebtoken: [ '9.0.2' ],
23 silly audit   jwa: [ '1.4.2' ],
23 silly audit   jws: [ '3.2.2' ],
23 silly audit   keyv: [ '4.5.4' ],
23 silly audit   levn: [ '0.4.1' ],
23 silly audit   lightningcss: [ '1.30.2' ],
23 silly audit   'lightningcss-android-arm64': [ '1.30.2' ],
23 silly audit   'lightningcss-darwin-arm64': [ '1.30.2' ],
23 silly audit   'lightningcss-darwin-x64': [ '1.30.2' ],
23 silly audit   'lightningcss-freebsd-x64': [ '1.30.2' ],
23 silly audit   'lightningcss-linux-arm-gnueabihf': [ '1.30.2' ],
23 silly audit   'lightningcss-linux-arm64-gnu': [ '1.30.2' ],
23 silly audit   'lightningcss-linux-arm64-musl': [ '1.30.2' ],
23 silly audit   'lightningcss-linux-x64-gnu': [ '1.30.2' ],
23 silly audit   'lightningcss-linux-x64-musl': [ '1.30.2' ],
23 silly audit   'lightningcss-win32-arm64-msvc': [ '1.30.2' ],
23 silly audit   'lightningcss-win32-x64-msvc': [ '1.30.2' ],
23 silly audit   lilconfig: [ '3.1.3' ],
23 silly audit   'lines-and-columns': [ '1.2.4' ],
23 silly audit   'locate-path': [ '6.0.0' ],
23 silly audit   'lodash.includes': [ '4.3.0' ],
23 silly audit   'lodash.isboolean': [ '3.0.3' ],
23 silly audit   'lodash.isinteger': [ '4.0.4' ],
23 silly audit   'lodash.isnumber': [ '3.0.3' ],
23 silly audit   'lodash.isplainobject': [ '4.0.6' ],
23 silly audit   'lodash.isstring': [ '4.0.1' ],
23 silly audit   'lodash.merge': [ '4.6.2' ],
23 silly audit   'lodash.once': [ '4.1.1' ],
23 silly audit   'loose-envify': [ '1.4.0' ],
23 silly audit   'lru-cache': [ '5.1.1', '10.4.3' ],
23 silly audit   'make-error': [ '1.3.6' ],
23 silly audit   'math-intrinsics': [ '1.1.0' ],
23 silly audit   'media-typer': [ '0.3.0' ],
23 silly audit   'merge-descriptors': [ '1.0.3' ],
23 silly audit   merge2: [ '1.4.1' ],
23 silly audit   methods: [ '1.1.2' ],
23 silly audit   micromatch: [ '4.0.8' ],
23 silly audit   mime: [ '1.6.0' ],
23 silly audit   'mime-db': [ '1.52.0' ],
23 silly audit   'mime-types': [ '2.1.35' ],
23 silly audit   minimist: [ '1.2.8' ],
23 silly audit   minipass: [ '7.1.2' ],
23 silly audit   mkdirp: [ '1.0.4' ],
23 silly audit   morgan: [ '1.10.1' ],
23 silly audit   'on-finished': [ '2.3.0', '2.4.1' ],
23 silly audit   'motion-dom': [ '11.18.1' ],
23 silly audit   'motion-utils': [ '11.18.1' ],
23 silly audit   mz: [ '2.7.0' ],
23 silly audit   nanoid: [ '3.3.11' ],
23 silly audit   'natural-compare': [ '1.4.0' ],
23 silly audit   negotiator: [ '0.6.3' ],
23 silly audit   'node-releases': [ '2.0.27' ],
23 silly audit   'normalize-path': [ '3.0.0' ],
23 silly audit   'normalize-range': [ '0.1.2' ],
23 silly audit   'object-assign': [ '4.1.1' ],
23 silly audit   'object-hash': [ '3.0.0' ],
23 silly audit   'object-inspect': [ '1.13.4' ],
23 silly audit   'on-headers': [ '1.1.0' ],
23 silly audit   once: [ '1.4.0' ],
23 silly audit   optionator: [ '0.9.4' ],
23 silly audit   'p-limit': [ '3.1.0' ],
23 silly audit   'p-locate': [ '5.0.0' ],
23 silly audit   'package-json-from-dist': [ '1.0.1' ],
23 silly audit   'parent-module': [ '1.0.1' ],
23 silly audit   parseurl: [ '1.3.3' ],
23 silly audit   'path-exists': [ '4.0.0' ],
23 silly audit   'path-is-absolute': [ '1.0.1' ],
23 silly audit   'path-key': [ '3.1.1' ],
23 silly audit   'path-parse': [ '1.0.7' ],
23 silly audit   'path-scurry': [ '1.11.1' ],
23 silly audit   'path-to-regexp': [ '0.1.12' ],
23 silly audit   picocolors: [ '1.1.1' ],
23 silly audit   picomatch: [ '2.3.1' ],
23 silly audit   pify: [ '2.3.0' ],
23 silly audit   pirates: [ '4.0.7' ],
23 silly audit   postcss: [ '8.5.6' ],
23 silly audit   'postcss-import': [ '15.1.0' ],
23 silly audit   'postcss-js': [ '4.1.0' ],
23 silly audit   'postcss-load-config': [ '6.0.1' ],
23 silly audit   'postcss-nested': [ '6.2.0' ],
23 silly audit   'postcss-selector-parser': [ '6.1.2' ],
23 silly audit   'postcss-value-parser': [ '4.2.0' ],
23 silly audit   'prelude-ls': [ '1.2.1' ],
23 silly audit   prettier: [ '3.6.2' ],
23 silly audit   prisma: [ '5.22.0' ],
23 silly audit   'proxy-addr': [ '2.0.7' ],
23 silly audit   'proxy-from-env': [ '1.1.0' ],
23 silly audit   punycode: [ '2.3.1' ],
23 silly audit   qs: [ '6.13.0' ],
23 silly audit   'queue-microtask': [ '1.2.3' ],
23 silly audit   'range-parser': [ '1.2.1' ],
23 silly audit   'raw-body': [ '2.5.2' ],
23 silly audit   react: [ '18.3.1' ],
23 silly audit   'react-dom': [ '18.3.1' ],
23 silly audit   'react-refresh': [ '0.17.0' ],
23 silly audit   'react-router': [ '6.30.1' ],
23 silly audit   'react-router-dom': [ '6.30.1' ],
23 silly audit   'read-cache': [ '1.0.0' ],
23 silly audit   readdirp: [ '3.6.0' ],
23 silly audit   resolve: [ '1.22.11' ],
23 silly audit   'resolve-from': [ '4.0.0' ],
23 silly audit   reusify: [ '1.1.0' ],
23 silly audit   rimraf: [ '2.7.1' ],
23 silly audit   rollup: [ '4.52.5' ],
23 silly audit   'run-parallel': [ '1.2.0' ],
23 silly audit   'safer-buffer': [ '2.1.2' ],
23 silly audit   scheduler: [ '0.23.2' ],
23 silly audit   send: [ '0.19.0' ],
23 silly audit   'serve-static': [ '1.16.2' ],
23 silly audit   setprototypeof: [ '1.2.0' ],
23 silly audit   'shebang-command': [ '2.0.0' ],
23 silly audit   'shebang-regex': [ '3.0.0' ],
23 silly audit   'side-channel': [ '1.1.0' ],
23 silly audit   'side-channel-list': [ '1.0.0' ],
23 silly audit   'side-channel-map': [ '1.0.1' ],
23 silly audit   'side-channel-weakmap': [ '1.0.2' ],
23 silly audit   'signal-exit': [ '4.1.0' ],
23 silly audit   'source-map': [ '0.6.1' ],
23 silly audit   'source-map-js': [ '1.2.1' ],
23 silly audit   'source-map-support': [ '0.5.21' ],
23 silly audit   statuses: [ '2.0.1' ],
23 silly audit   'string-width': [ '5.1.2', '4.2.3' ],
23 silly audit   'strip-ansi': [ '6.0.1', '7.1.2' ],
23 silly audit   'strip-bom': [ '3.0.0' ],
23 silly audit   'strip-json-comments': [ '3.1.1', '2.0.1' ],
23 silly audit   sucrase: [ '3.35.0' ],
23 silly audit   'supports-color': [ '7.2.0' ],
23 silly audit   'supports-preserve-symlinks-flag': [ '1.0.0' ],
23 silly audit   tabbable: [ '6.3.0' ],
23 silly audit   'tailwind-merge': [ '2.6.0' ],
23 silly audit   tailwindcss: [ '3.4.18' ],
23 silly audit   thenify: [ '3.3.1' ],
23 silly audit   'thenify-all': [ '1.6.0' ],
23 silly audit   'to-regex-range': [ '5.0.1' ],
23 silly audit   toidentifier: [ '1.0.1' ],
23 silly audit   'tree-kill': [ '1.2.2' ],
23 silly audit   'ts-api-utils': [ '2.1.0' ],
23 silly audit   'ts-interface-checker': [ '0.1.13' ],
23 silly audit   'ts-node': [ '10.9.2' ],
23 silly audit   'ts-node-dev': [ '2.0.0' ],
23 silly audit   tsconfig: [ '7.0.0' ],
23 silly audit   tslib: [ '2.8.1' ],
23 silly audit   'type-check': [ '0.4.0' ],
23 silly audit   'type-is': [ '1.6.18' ],
23 silly audit   typescript: [ '5.9.3' ],
23 silly audit   'undici-types': [ '6.21.0' ],
23 silly audit   unpipe: [ '1.0.0' ],
23 silly audit   'update-browserslist-db': [ '1.1.4' ],
23 silly audit   'uri-js': [ '4.4.1' ],
23 silly audit   'use-sync-external-store': [ '1.6.0' ],
23 silly audit   'util-deprecate': [ '1.0.2' ],
23 silly audit   'utils-merge': [ '1.0.1' ],
23 silly audit   'v8-compile-cache-lib': [ '3.0.1' ],
23 silly audit   vary: [ '1.1.2' ],
23 silly audit   vite: [ '5.4.21' ],
23 silly audit   which: [ '2.0.2' ],
23 silly audit   'word-wrap': [ '1.2.5' ],
23 silly audit   'wrap-ansi': [ '8.1.0', '7.0.0' ],
23 silly audit   wrappy: [ '1.0.2' ],
23 silly audit   xtend: [ '4.0.2' ],
23 silly audit   yallist: [ '3.1.1' ],
23 silly audit   yn: [ '3.1.1' ],
23 silly audit   'yocto-queue': [ '0.1.0' ],
23 silly audit   zod: [ '3.25.76' ],
23 silly audit   zustand: [ '4.5.7' ]
23 silly audit }
24 verbose reify failed optional dependency /Users/zakaria/Documents/AllProjects-react/BiblioSmart/node_modules/lightningcss-win32-x64-msvc
25 silly reify mark deleted [
25 silly reify   '/Users/zakaria/Documents/AllProjects-react/BiblioSmart/node_modules/lightningcss-win32-x64-msvc'
25 silly reify ]
26 verbose reify failed optional dependency /Users/zakaria/Documents/AllProjects-react/BiblioSmart/node_modules/lightningcss-win32-arm64-msvc
27 silly reify mark deleted [
27 silly reify   '/Users/zakaria/Documents/AllProjects-react/BiblioSmart/node_modules/lightningcss-win32-arm64-msvc'
27 silly reify ]
28 verbose reify failed optional dependency /Users/zakaria/Documents/AllProjects-react/BiblioSmart/node_modules/lightningcss-linux-x64-musl
29 silly reify mark deleted [
29 silly reify   '/Users/zakaria/Documents/AllProjects-react/BiblioSmart/node_modules/lightningcss-linux-x64-musl'
29 silly reify ]
30 verbose reify failed optional dependency /Users/zakaria/Documents/AllProjects-react/BiblioSmart/node_modules/lightningcss-linux-x64-gnu
31 silly reify mark deleted [
31 silly reify   '/Users/zakaria/Documents/AllProjects-react/BiblioSmart/node_modules/lightningcss-linux-x64-gnu'
31 silly reify ]
32 verbose reify failed optional dependency /Users/zakaria/Documents/AllProjects-react/BiblioSmart/node_modules/lightningcss-linux-arm64-musl
33 silly reify mark deleted [
33 silly reify   '/Users/zakaria/Documents/AllProjects-react/BiblioSmart/node_modules/lightningcss-linux-arm64-musl'
33 silly reify ]
34 verbose reify failed optional dependency /Users/zakaria/Documents/AllProjects-react/BiblioSmart/node_modules/lightningcss-linux-arm64-gnu
35 silly reify mark deleted [
35 silly reify   '/Users/zakaria/Documents/AllProjects-react/BiblioSmart/node_modules/lightningcss-linux-arm64-gnu'
35 silly reify ]
36 verbose reify failed optional dependency /Users/zakaria/Documents/AllProjects-react/BiblioSmart/node_modules/lightningcss-linux-arm-gnueabihf
37 silly reify mark deleted [
37 silly reify   '/Users/zakaria/Documents/AllProjects-react/BiblioSmart/node_modules/lightningcss-linux-arm-gnueabihf'
37 silly reify ]
38 verbose reify failed optional dependency /Users/zakaria/Documents/AllProjects-react/BiblioSmart/node_modules/lightningcss-freebsd-x64
39 silly reify mark deleted [
39 silly reify   '/Users/zakaria/Documents/AllProjects-react/BiblioSmart/node_modules/lightningcss-freebsd-x64'
39 silly reify ]
40 verbose reify failed optional dependency /Users/zakaria/Documents/AllProjects-react/BiblioSmart/node_modules/lightningcss-darwin-arm64
41 silly reify mark deleted [
41 silly reify   '/Users/zakaria/Documents/AllProjects-react/BiblioSmart/node_modules/lightningcss-darwin-arm64'
41 silly reify ]
42 verbose reify failed optional dependency /Users/zakaria/Documents/AllProjects-react/BiblioSmart/node_modules/lightningcss-android-arm64
43 silly reify mark deleted [
43 silly reify   '/Users/zakaria/Documents/AllProjects-react/BiblioSmart/node_modules/lightningcss-android-arm64'
43 silly reify ]
44 verbose reify failed optional dependency /Users/zakaria/Documents/AllProjects-react/BiblioSmart/node_modules/@rollup/rollup-win32-x64-msvc
45 silly reify mark deleted [
45 silly reify   '/Users/zakaria/Documents/AllProjects-react/BiblioSmart/node_modules/@rollup/rollup-win32-x64-msvc'
45 silly reify ]
46 verbose reify failed optional dependency /Users/zakaria/Documents/AllProjects-react/BiblioSmart/node_modules/@rollup/rollup-win32-x64-gnu
47 silly reify mark deleted [
47 silly reify   '/Users/zakaria/Documents/AllProjects-react/BiblioSmart/node_modules/@rollup/rollup-win32-x64-gnu'
47 silly reify ]
48 verbose reify failed optional dependency /Users/zakaria/Documents/AllProjects-react/BiblioSmart/node_modules/@rollup/rollup-win32-ia32-msvc
49 silly reify mark deleted [
49 silly reify   '/Users/zakaria/Documents/AllProjects-react/BiblioSmart/node_modules/@rollup/rollup-win32-ia32-msvc'
49 silly reify ]
50 verbose reify failed optional dependency /Users/zakaria/Documents/AllProjects-react/BiblioSmart/node_modules/@rollup/rollup-win32-arm64-msvc
51 silly reify mark deleted [
51 silly reify   '/Users/zakaria/Documents/AllProjects-react/BiblioSmart/node_modules/@rollup/rollup-win32-arm64-msvc'
51 silly reify ]
52 verbose reify failed optional dependency /Users/zakaria/Documents/AllProjects-react/BiblioSmart/node_modules/@rollup/rollup-openharmony-arm64
53 silly reify mark deleted [
53 silly reify   '/Users/zakaria/Documents/AllProjects-react/BiblioSmart/node_modules/@rollup/rollup-openharmony-arm64'
53 silly reify ]
54 verbose reify failed optional dependency /Users/zakaria/Documents/AllProjects-react/BiblioSmart/node_modules/@rollup/rollup-linux-x64-musl
55 silly reify mark deleted [
55 silly reify   '/Users/zakaria/Documents/AllProjects-react/BiblioSmart/node_modules/@rollup/rollup-linux-x64-musl'
55 silly reify ]
56 verbose reify failed optional dependency /Users/zakaria/Documents/AllProjects-react/BiblioSmart/node_modules/@rollup/rollup-linux-x64-gnu
57 silly reify mark deleted [
57 silly reify   '/Users/zakaria/Documents/AllProjects-react/BiblioSmart/node_modules/@rollup/rollup-linux-x64-gnu'
57 silly reify ]
58 verbose reify failed optional dependency /Users/zakaria/Documents/AllProjects-react/BiblioSmart/node_modules/@rollup/rollup-linux-s390x-gnu
59 silly reify mark deleted [
59 silly reify   '/Users/zakaria/Documents/AllProjects-react/BiblioSmart/node_modules/@rollup/rollup-linux-s390x-gnu'
59 silly reify ]
60 verbose reify failed optional dependency /Users/zakaria/Documents/AllProjects-react/BiblioSmart/node_modules/@rollup/rollup-linux-riscv64-musl
61 silly reify mark deleted [
61 silly reify   '/Users/zakaria/Documents/AllProjects-react/BiblioSmart/node_modules/@rollup/rollup-linux-riscv64-musl'
61 silly reify ]
62 verbose reify failed optional dependency /Users/zakaria/Documents/AllProjects-react/BiblioSmart/node_modules/@rollup/rollup-linux-riscv64-gnu
63 silly reify mark deleted [
63 silly reify   '/Users/zakaria/Documents/AllProjects-react/BiblioSmart/node_modules/@rollup/rollup-linux-riscv64-gnu'
63 silly reify ]
64 verbose reify failed optional dependency /Users/zakaria/Documents/AllProjects-react/BiblioSmart/node_modules/@rollup/rollup-linux-ppc64-gnu
65 silly reify mark deleted [
65 silly reify   '/Users/zakaria/Documents/AllProjects-react/BiblioSmart/node_modules/@rollup/rollup-linux-ppc64-gnu'
65 silly reify ]
66 verbose reify failed optional dependency /Users/zakaria/Documents/AllProjects-react/BiblioSmart/node_modules/@rollup/rollup-linux-loong64-gnu
67 silly reify mark deleted [
67 silly reify   '/Users/zakaria/Documents/AllProjects-react/BiblioSmart/node_modules/@rollup/rollup-linux-loong64-gnu'
67 silly reify ]
68 verbose reify failed optional dependency /Users/zakaria/Documents/AllProjects-react/BiblioSmart/node_modules/@rollup/rollup-linux-arm64-musl
69 silly reify mark deleted [
69 silly reify   '/Users/zakaria/Documents/AllProjects-react/BiblioSmart/node_modules/@rollup/rollup-linux-arm64-musl'
69 silly reify ]
70 verbose reify failed optional dependency /Users/zakaria/Documents/AllProjects-react/BiblioSmart/node_modules/@rollup/rollup-linux-arm64-gnu
71 silly reify mark deleted [
71 silly reify   '/Users/zakaria/Documents/AllProjects-react/BiblioSmart/node_modules/@rollup/rollup-linux-arm64-gnu'
71 silly reify ]
72 verbose reify failed optional dependency /Users/zakaria/Documents/AllProjects-react/BiblioSmart/node_modules/@rollup/rollup-linux-arm-musleabihf
73 silly reify mark deleted [
73 silly reify   '/Users/zakaria/Documents/AllProjects-react/BiblioSmart/node_modules/@rollup/rollup-linux-arm-musleabihf'
73 silly reify ]
74 verbose reify failed optional dependency /Users/zakaria/Documents/AllProjects-react/BiblioSmart/node_modules/@rollup/rollup-linux-arm-gnueabihf
75 silly reify mark deleted [
75 silly reify   '/Users/zakaria/Documents/AllProjects-react/BiblioSmart/node_modules/@rollup/rollup-linux-arm-gnueabihf'
75 silly reify ]
76 verbose reify failed optional dependency /Users/zakaria/Documents/AllProjects-react/BiblioSmart/node_modules/@rollup/rollup-freebsd-x64
77 silly reify mark deleted [
77 silly reify   '/Users/zakaria/Documents/AllProjects-react/BiblioSmart/node_modules/@rollup/rollup-freebsd-x64'
77 silly reify ]
78 verbose reify failed optional dependency /Users/zakaria/Documents/AllProjects-react/BiblioSmart/node_modules/@rollup/rollup-freebsd-arm64
79 silly reify mark deleted [
79 silly reify   '/Users/zakaria/Documents/AllProjects-react/BiblioSmart/node_modules/@rollup/rollup-freebsd-arm64'
79 silly reify ]
80 verbose reify failed optional dependency /Users/zakaria/Documents/AllProjects-react/BiblioSmart/node_modules/@rollup/rollup-darwin-arm64
81 silly reify mark deleted [
81 silly reify   '/Users/zakaria/Documents/AllProjects-react/BiblioSmart/node_modules/@rollup/rollup-darwin-arm64'
81 silly reify ]
82 verbose reify failed optional dependency /Users/zakaria/Documents/AllProjects-react/BiblioSmart/node_modules/@rollup/rollup-android-arm64
83 silly reify mark deleted [
83 silly reify   '/Users/zakaria/Documents/AllProjects-react/BiblioSmart/node_modules/@rollup/rollup-android-arm64'
83 silly reify ]
84 verbose reify failed optional dependency /Users/zakaria/Documents/AllProjects-react/BiblioSmart/node_modules/@rollup/rollup-android-arm-eabi
85 silly reify mark deleted [
85 silly reify   '/Users/zakaria/Documents/AllProjects-react/BiblioSmart/node_modules/@rollup/rollup-android-arm-eabi'
85 silly reify ]
86 verbose reify failed optional dependency /Users/zakaria/Documents/AllProjects-react/BiblioSmart/node_modules/@esbuild/win32-x64
87 silly reify mark deleted [
87 silly reify   '/Users/zakaria/Documents/AllProjects-react/BiblioSmart/node_modules/@esbuild/win32-x64'
87 silly reify ]
88 verbose reify failed optional dependency /Users/zakaria/Documents/AllProjects-react/BiblioSmart/node_modules/@esbuild/win32-ia32
89 silly reify mark deleted [
89 silly reify   '/Users/zakaria/Documents/AllProjects-react/BiblioSmart/node_modules/@esbuild/win32-ia32'
89 silly reify ]
90 verbose reify failed optional dependency /Users/zakaria/Documents/AllProjects-react/BiblioSmart/node_modules/@esbuild/win32-arm64
91 silly reify mark deleted [
91 silly reify   '/Users/zakaria/Documents/AllProjects-react/BiblioSmart/node_modules/@esbuild/win32-arm64'
91 silly reify ]
92 verbose reify failed optional dependency /Users/zakaria/Documents/AllProjects-react/BiblioSmart/node_modules/@esbuild/sunos-x64
93 silly reify mark deleted [
93 silly reify   '/Users/zakaria/Documents/AllProjects-react/BiblioSmart/node_modules/@esbuild/sunos-x64'
93 silly reify ]
94 verbose reify failed optional dependency /Users/zakaria/Documents/AllProjects-react/BiblioSmart/node_modules/@esbuild/openbsd-x64
95 silly reify mark deleted [
95 silly reify   '/Users/zakaria/Documents/AllProjects-react/BiblioSmart/node_modules/@esbuild/openbsd-x64'
95 silly reify ]
96 verbose reify failed optional dependency /Users/zakaria/Documents/AllProjects-react/BiblioSmart/node_modules/@esbuild/netbsd-x64
97 silly reify mark deleted [
97 silly reify   '/Users/zakaria/Documents/AllProjects-react/BiblioSmart/node_modules/@esbuild/netbsd-x64'
97 silly reify ]
98 verbose reify failed optional dependency /Users/zakaria/Documents/AllProjects-react/BiblioSmart/node_modules/@esbuild/linux-x64
99 silly reify mark deleted [
99 silly reify   '/Users/zakaria/Documents/AllProjects-react/BiblioSmart/node_modules/@esbuild/linux-x64'
99 silly reify ]
100 verbose reify failed optional dependency /Users/zakaria/Documents/AllProjects-react/BiblioSmart/node_modules/@esbuild/linux-s390x
101 silly reify mark deleted [
101 silly reify   '/Users/zakaria/Documents/AllProjects-react/BiblioSmart/node_modules/@esbuild/linux-s390x'
101 silly reify ]
102 verbose reify failed optional dependency /Users/zakaria/Documents/AllProjects-react/BiblioSmart/node_modules/@esbuild/linux-riscv64
103 silly reify mark deleted [
103 silly reify   '/Users/zakaria/Documents/AllProjects-react/BiblioSmart/node_modules/@esbuild/linux-riscv64'
103 silly reify ]
104 verbose reify failed optional dependency /Users/zakaria/Documents/AllProjects-react/BiblioSmart/node_modules/@esbuild/linux-ppc64
105 silly reify mark deleted [
105 silly reify   '/Users/zakaria/Documents/AllProjects-react/BiblioSmart/node_modules/@esbuild/linux-ppc64'
105 silly reify ]
106 verbose reify failed optional dependency /Users/zakaria/Documents/AllProjects-react/BiblioSmart/node_modules/@esbuild/linux-mips64el
107 silly reify mark deleted [
107 silly reify   '/Users/zakaria/Documents/AllProjects-react/BiblioSmart/node_modules/@esbuild/linux-mips64el'
107 silly reify ]
108 verbose reify failed optional dependency /Users/zakaria/Documents/AllProjects-react/BiblioSmart/node_modules/@esbuild/linux-loong64
109 silly reify mark deleted [
109 silly reify   '/Users/zakaria/Documents/AllProjects-react/BiblioSmart/node_modules/@esbuild/linux-loong64'
109 silly reify ]
110 verbose reify failed optional dependency /Users/zakaria/Documents/AllProjects-react/BiblioSmart/node_modules/@esbuild/linux-ia32
111 silly reify mark deleted [
111 silly reify   '/Users/zakaria/Documents/AllProjects-react/BiblioSmart/node_modules/@esbuild/linux-ia32'
111 silly reify ]
112 verbose reify failed optional dependency /Users/zakaria/Documents/AllProjects-react/BiblioSmart/node_modules/@esbuild/linux-arm64
113 silly reify mark deleted [
113 silly reify   '/Users/zakaria/Documents/AllProjects-react/BiblioSmart/node_modules/@esbuild/linux-arm64'
113 silly reify ]
114 verbose reify failed optional dependency /Users/zakaria/Documents/AllProjects-react/BiblioSmart/node_modules/@esbuild/linux-arm
115 silly reify mark deleted [
115 silly reify   '/Users/zakaria/Documents/AllProjects-react/BiblioSmart/node_modules/@esbuild/linux-arm'
115 silly reify ]
116 verbose reify failed optional dependency /Users/zakaria/Documents/AllProjects-react/BiblioSmart/node_modules/@esbuild/freebsd-x64
117 silly reify mark deleted [
117 silly reify   '/Users/zakaria/Documents/AllProjects-react/BiblioSmart/node_modules/@esbuild/freebsd-x64'
117 silly reify ]
118 verbose reify failed optional dependency /Users/zakaria/Documents/AllProjects-react/BiblioSmart/node_modules/@esbuild/freebsd-arm64
119 silly reify mark deleted [
119 silly reify   '/Users/zakaria/Documents/AllProjects-react/BiblioSmart/node_modules/@esbuild/freebsd-arm64'
119 silly reify ]
120 verbose reify failed optional dependency /Users/zakaria/Documents/AllProjects-react/BiblioSmart/node_modules/@esbuild/darwin-arm64
121 silly reify mark deleted [
121 silly reify   '/Users/zakaria/Documents/AllProjects-react/BiblioSmart/node_modules/@esbuild/darwin-arm64'
121 silly reify ]
122 verbose reify failed optional dependency /Users/zakaria/Documents/AllProjects-react/BiblioSmart/node_modules/@esbuild/android-x64
123 silly reify mark deleted [
123 silly reify   '/Users/zakaria/Documents/AllProjects-react/BiblioSmart/node_modules/@esbuild/android-x64'
123 silly reify ]
124 verbose reify failed optional dependency /Users/zakaria/Documents/AllProjects-react/BiblioSmart/node_modules/@esbuild/android-arm64
125 silly reify mark deleted [
125 silly reify   '/Users/zakaria/Documents/AllProjects-react/BiblioSmart/node_modules/@esbuild/android-arm64'
125 silly reify ]
126 verbose reify failed optional dependency /Users/zakaria/Documents/AllProjects-react/BiblioSmart/node_modules/@esbuild/android-arm
127 silly reify mark deleted [
127 silly reify   '/Users/zakaria/Documents/AllProjects-react/BiblioSmart/node_modules/@esbuild/android-arm'
127 silly reify ]
128 verbose reify failed optional dependency /Users/zakaria/Documents/AllProjects-react/BiblioSmart/node_modules/@esbuild/aix-ppc64
129 silly reify mark deleted [
129 silly reify   '/Users/zakaria/Documents/AllProjects-react/BiblioSmart/node_modules/@esbuild/aix-ppc64'
129 silly reify ]
130 silly audit bulk request failed undefined
131 verbose audit error FetchError: request to https://registry.npmjs.org/-/npm/v1/security/audits/quick failed, reason: getaddrinfo ENOTFOUND registry.npmjs.org
131 verbose audit error     at ClientRequest.<anonymous> (/usr/local/lib/node_modules/npm/node_modules/minipass-fetch/lib/index.js:130:14)
131 verbose audit error     at ClientRequest.emit (node:events:519:28)
131 verbose audit error     at emitErrorEvent (node:_http_client:105:11)
131 verbose audit error     at _destroy (node:_http_client:898:9)
131 verbose audit error     at onSocketNT (node:_http_client:918:5)
131 verbose audit error     at process.processTicksAndRejections (node:internal/process/task_queues:91:21) {
131 verbose audit error   code: 'ENOTFOUND',
131 verbose audit error   errno: 'ENOTFOUND',
131 verbose audit error   syscall: 'getaddrinfo',
131 verbose audit error   hostname: 'registry.npmjs.org',
131 verbose audit error   type: 'system'
131 verbose audit error }
132 silly audit error undefined
133 silly audit report null
134 http cache zod@https://registry.npmjs.org/zod/-/zod-3.25.76.tgz 1ms (cache hit)
135 http cache yn@https://registry.npmjs.org/yn/-/yn-3.1.1.tgz 0ms (cache hit)
136 http cache wrappy@https://registry.npmjs.org/wrappy/-/wrappy-1.0.2.tgz 0ms (cache hit)
137 http cache vary@https://registry.npmjs.org/vary/-/vary-1.1.2.tgz 0ms (cache hit)
138 http cache xtend@https://registry.npmjs.org/xtend/-/xtend-4.0.2.tgz 0ms (cache hit)
139 http cache v8-compile-cache-lib@https://registry.npmjs.org/v8-compile-cache-lib/-/v8-compile-cache-lib-3.0.1.tgz 0ms (cache hit)
140 http cache utils-merge@https://registry.npmjs.org/utils-merge/-/utils-merge-1.0.1.tgz 0ms (cache hit)
141 http cache unpipe@https://registry.npmjs.org/unpipe/-/unpipe-1.0.0.tgz 0ms (cache hit)
142 http cache tsconfig@https://registry.npmjs.org/tsconfig/-/tsconfig-7.0.0.tgz 1ms (cache hit)
143 http cache ts-node-dev@https://registry.npmjs.org/ts-node-dev/-/ts-node-dev-2.0.0.tgz 0ms (cache hit)
144 http cache type-is@https://registry.npmjs.org/type-is/-/type-is-1.6.18.tgz 0ms (cache hit)
145 http cache ts-node@https://registry.npmjs.org/ts-node/-/ts-node-10.9.2.tgz 0ms (cache hit)
146 http cache tree-kill@https://registry.npmjs.org/tree-kill/-/tree-kill-1.2.2.tgz 1ms (cache hit)
147 http cache toidentifier@https://registry.npmjs.org/toidentifier/-/toidentifier-1.0.1.tgz 0ms (cache hit)
148 http cache strip-bom@https://registry.npmjs.org/strip-bom/-/strip-bom-3.0.0.tgz 0ms (cache hit)
149 http cache statuses@https://registry.npmjs.org/statuses/-/statuses-2.0.1.tgz 0ms (cache hit)
150 http cache source-map-support@https://registry.npmjs.org/source-map-support/-/source-map-support-0.5.21.tgz 0ms (cache hit)
151 http cache source-map@https://registry.npmjs.org/source-map/-/source-map-0.6.1.tgz 0ms (cache hit)
152 http cache side-channel-list@https://registry.npmjs.org/side-channel-list/-/side-channel-list-1.0.0.tgz 0ms (cache hit)
153 http cache side-channel@https://registry.npmjs.org/side-channel/-/side-channel-1.1.0.tgz 0ms (cache hit)
154 http cache side-channel-weakmap@https://registry.npmjs.org/side-channel-weakmap/-/side-channel-weakmap-1.0.2.tgz 0ms (cache hit)
155 http cache setprototypeof@https://registry.npmjs.org/setprototypeof/-/setprototypeof-1.2.0.tgz 0ms (cache hit)
156 http cache side-channel-map@https://registry.npmjs.org/side-channel-map/-/side-channel-map-1.0.1.tgz 0ms (cache hit)
157 http cache serve-static@https://registry.npmjs.org/serve-static/-/serve-static-1.16.2.tgz 0ms (cache hit)
158 http cache send@https://registry.npmjs.org/send/-/send-0.19.0.tgz 0ms (cache hit)
159 http cache safer-buffer@https://registry.npmjs.org/safer-buffer/-/safer-buffer-2.1.2.tgz 0ms (cache hit)
160 http cache safe-buffer@https://registry.npmjs.org/safe-buffer/-/safe-buffer-5.2.1.tgz 0ms (cache hit)
161 http cache rimraf@https://registry.npmjs.org/rimraf/-/rimraf-2.7.1.tgz 0ms (cache hit)
162 http cache raw-body@https://registry.npmjs.org/raw-body/-/raw-body-2.5.2.tgz 0ms (cache hit)
163 http cache range-parser@https://registry.npmjs.org/range-parser/-/range-parser-1.2.1.tgz 0ms (cache hit)
164 http cache proxy-addr@https://registry.npmjs.org/proxy-addr/-/proxy-addr-2.0.7.tgz 0ms (cache hit)
165 http cache path-to-regexp@https://registry.npmjs.org/path-to-regexp/-/path-to-regexp-0.1.12.tgz 0ms (cache hit)
166 http cache qs@https://registry.npmjs.org/qs/-/qs-6.13.0.tgz 0ms (cache hit)
167 http cache parseurl@https://registry.npmjs.org/parseurl/-/parseurl-1.3.3.tgz 0ms (cache hit)
168 http cache path-is-absolute@https://registry.npmjs.org/path-is-absolute/-/path-is-absolute-1.0.1.tgz 0ms (cache hit)
169 http cache once@https://registry.npmjs.org/once/-/once-1.4.0.tgz 0ms (cache hit)
170 http cache prisma@https://registry.npmjs.org/prisma/-/prisma-5.22.0.tgz 0ms (cache hit)
171 http cache on-headers@https://registry.npmjs.org/on-headers/-/on-headers-1.1.0.tgz 0ms (cache hit)
172 http cache on-finished@https://registry.npmjs.org/on-finished/-/on-finished-2.4.1.tgz 0ms (cache hit)
173 http cache morgan@https://registry.npmjs.org/morgan/-/morgan-1.10.1.tgz 0ms (cache hit)
174 http cache object-inspect@https://registry.npmjs.org/object-inspect/-/object-inspect-1.13.4.tgz 0ms (cache hit)
175 http cache mkdirp@https://registry.npmjs.org/mkdirp/-/mkdirp-1.0.4.tgz 0ms (cache hit)
176 http cache minimist@https://registry.npmjs.org/minimist/-/minimist-1.2.8.tgz 0ms (cache hit)
177 http cache mime@https://registry.npmjs.org/mime/-/mime-1.6.0.tgz 0ms (cache hit)
178 http cache negotiator@https://registry.npmjs.org/negotiator/-/negotiator-0.6.3.tgz 0ms (cache hit)
179 http cache methods@https://registry.npmjs.org/methods/-/methods-1.1.2.tgz 0ms (cache hit)
180 http cache merge-descriptors@https://registry.npmjs.org/merge-descriptors/-/merge-descriptors-1.0.3.tgz 0ms (cache hit)
181 http cache make-error@https://registry.npmjs.org/make-error/-/make-error-1.3.6.tgz 0ms (cache hit)
182 http cache media-typer@https://registry.npmjs.org/media-typer/-/media-typer-0.3.0.tgz 0ms (cache hit)
183 http cache lodash.once@https://registry.npmjs.org/lodash.once/-/lodash.once-4.1.1.tgz 0ms (cache hit)
184 http cache lodash.isnumber@https://registry.npmjs.org/lodash.isnumber/-/lodash.isnumber-3.0.3.tgz 0ms (cache hit)
185 http cache lodash.isinteger@https://registry.npmjs.org/lodash.isinteger/-/lodash.isinteger-4.0.4.tgz 0ms (cache hit)
186 http cache lodash.isstring@https://registry.npmjs.org/lodash.isstring/-/lodash.isstring-4.0.1.tgz 0ms (cache hit)
187 http cache lodash.isplainobject@https://registry.npmjs.org/lodash.isplainobject/-/lodash.isplainobject-4.0.6.tgz 0ms (cache hit)
188 http cache lodash.isboolean@https://registry.npmjs.org/lodash.isboolean/-/lodash.isboolean-3.0.3.tgz 0ms (cache hit)
189 http cache lodash.includes@https://registry.npmjs.org/lodash.includes/-/lodash.includes-4.3.0.tgz 0ms (cache hit)
190 http cache jsonwebtoken@https://registry.npmjs.org/jsonwebtoken/-/jsonwebtoken-9.0.2.tgz 0ms (cache hit)
191 http cache jwa@https://registry.npmjs.org/jwa/-/jwa-1.4.2.tgz 0ms (cache hit)
192 http cache jws@https://registry.npmjs.org/jws/-/jws-3.2.2.tgz 0ms (cache hit)
193 http cache ipaddr.js@https://registry.npmjs.org/ipaddr.js/-/ipaddr.js-1.9.1.tgz 0ms (cache hit)
194 http cache inherits@https://registry.npmjs.org/inherits/-/inherits-2.0.4.tgz 0ms (cache hit)
195 http cache iconv-lite@https://registry.npmjs.org/iconv-lite/-/iconv-lite-0.4.24.tgz 0ms (cache hit)
196 http cache helmet@https://registry.npmjs.org/helmet/-/helmet-7.2.0.tgz 0ms (cache hit)
197 http cache http-errors@https://registry.npmjs.org/http-errors/-/http-errors-2.0.0.tgz 0ms (cache hit)
198 http cache fsevents@https://registry.npmjs.org/fsevents/-/fsevents-2.3.3.tgz 0ms (cache hit)
199 http cache inflight@https://registry.npmjs.org/inflight/-/inflight-1.0.6.tgz 0ms (cache hit)
200 http cache fs.realpath@https://registry.npmjs.org/fs.realpath/-/fs.realpath-1.0.0.tgz 0ms (cache hit)
201 http cache finalhandler@https://registry.npmjs.org/finalhandler/-/finalhandler-1.3.1.tgz 0ms (cache hit)
202 http cache fresh@https://registry.npmjs.org/fresh/-/fresh-0.5.2.tgz 0ms (cache hit)
203 http cache forwarded@https://registry.npmjs.org/forwarded/-/forwarded-0.2.0.tgz 0ms (cache hit)
204 http cache express-async-errors@https://registry.npmjs.org/express-async-errors/-/express-async-errors-3.1.1.tgz 0ms (cache hit)
205 http cache express@https://registry.npmjs.org/express/-/express-4.21.2.tgz 0ms (cache hit)
206 http cache etag@https://registry.npmjs.org/etag/-/etag-1.8.1.tgz 0ms (cache hit)
207 http cache escape-html@https://registry.npmjs.org/escape-html/-/escape-html-1.0.3.tgz 0ms (cache hit)
208 http cache encodeurl@https://registry.npmjs.org/encodeurl/-/encodeurl-2.0.0.tgz 0ms (cache hit)
209 http cache ecdsa-sig-formatter@https://registry.npmjs.org/ecdsa-sig-formatter/-/ecdsa-sig-formatter-1.0.11.tgz 0ms (cache hit)
210 http cache ee-first@https://registry.npmjs.org/ee-first/-/ee-first-1.1.1.tgz 0ms (cache hit)
211 http cache dotenv@https://registry.npmjs.org/dotenv/-/dotenv-16.6.1.tgz 0ms (cache hit)
212 http cache diff@https://registry.npmjs.org/diff/-/diff-4.0.2.tgz 0ms (cache hit)
213 http cache destroy@https://registry.npmjs.org/destroy/-/destroy-1.2.0.tgz 0ms (cache hit)
214 http cache dynamic-dedupe@https://registry.npmjs.org/dynamic-dedupe/-/dynamic-dedupe-0.3.0.tgz 0ms (cache hit)
215 http cache depd@https://registry.npmjs.org/depd/-/depd-2.0.0.tgz 0ms (cache hit)
216 http cache cors@https://registry.npmjs.org/cors/-/cors-2.8.5.tgz 0ms (cache hit)
217 http cache cookie-signature@https://registry.npmjs.org/cookie-signature/-/cookie-signature-1.0.6.tgz 0ms (cache hit)
218 http cache create-require@https://registry.npmjs.org/create-require/-/create-require-1.1.1.tgz 0ms (cache hit)
219 http cache content-type@https://registry.npmjs.org/content-type/-/content-type-1.0.5.tgz 0ms (cache hit)
220 http cache content-disposition@https://registry.npmjs.org/content-disposition/-/content-disposition-0.5.4.tgz 0ms (cache hit)
221 http cache call-bound@https://registry.npmjs.org/call-bound/-/call-bound-1.0.4.tgz 0ms (cache hit)
222 http cache bytes@https://registry.npmjs.org/bytes/-/bytes-3.1.2.tgz 0ms (cache hit)
223 http cache cookie@https://registry.npmjs.org/cookie/-/cookie-0.7.2.tgz 0ms (cache hit)
224 http cache cookie-parser@https://registry.npmjs.org/cookie-parser/-/cookie-parser-1.4.7.tgz 0ms (cache hit)
225 http cache buffer-equal-constant-time@https://registry.npmjs.org/buffer-equal-constant-time/-/buffer-equal-constant-time-1.0.1.tgz 0ms (cache hit)
226 http cache buffer-from@https://registry.npmjs.org/buffer-from/-/buffer-from-1.1.2.tgz 0ms (cache hit)
227 http cache body-parser@https://registry.npmjs.org/body-parser/-/body-parser-1.20.3.tgz 0ms (cache hit)
228 http cache basic-auth@https://registry.npmjs.org/basic-auth/-/basic-auth-2.0.1.tgz 0ms (cache hit)
229 http cache bcryptjs@https://registry.npmjs.org/bcryptjs/-/bcryptjs-2.4.3.tgz 0ms (cache hit)
230 http cache array-flatten@https://registry.npmjs.org/array-flatten/-/array-flatten-1.1.1.tgz 0ms (cache hit)
231 http cache acorn-walk@https://registry.npmjs.org/acorn-walk/-/acorn-walk-8.3.4.tgz 0ms (cache hit)
232 http cache accepts@https://registry.npmjs.org/accepts/-/accepts-1.3.8.tgz 0ms (cache hit)
233 http cache @types/strip-bom@https://registry.npmjs.org/@types/strip-bom/-/strip-bom-3.0.0.tgz 0ms (cache hit)
234 http cache @types/strip-json-comments@https://registry.npmjs.org/@types/strip-json-comments/-/strip-json-comments-0.0.30.tgz 0ms (cache hit)
235 http cache @types/serve-static@https://registry.npmjs.org/@types/serve-static/-/serve-static-1.15.10.tgz 0ms (cache hit)
236 http cache @types/send@https://registry.npmjs.org/@types/send/-/send-1.2.1.tgz 0ms (cache hit)
237 http cache @types/qs@https://registry.npmjs.org/@types/qs/-/qs-6.14.0.tgz 0ms (cache hit)
238 http cache @types/ms@https://registry.npmjs.org/@types/ms/-/ms-2.1.0.tgz 0ms (cache hit)
239 http cache @types/range-parser@https://registry.npmjs.org/@types/range-parser/-/range-parser-1.2.7.tgz 0ms (cache hit)
240 http cache @types/morgan@https://registry.npmjs.org/@types/morgan/-/morgan-1.9.10.tgz 0ms (cache hit)
241 http cache @types/mime@https://registry.npmjs.org/@types/mime/-/mime-1.3.5.tgz 0ms (cache hit)
242 http cache @types/jsonwebtoken@https://registry.npmjs.org/@types/jsonwebtoken/-/jsonwebtoken-9.0.10.tgz 0ms (cache hit)
243 http cache @types/http-errors@https://registry.npmjs.org/@types/http-errors/-/http-errors-2.0.5.tgz 0ms (cache hit)
244 http cache @types/express@https://registry.npmjs.org/@types/express/-/express-4.17.25.tgz 0ms (cache hit)
245 http cache @types/express-serve-static-core@https://registry.npmjs.org/@types/express-serve-static-core/-/express-serve-static-core-4.19.7.tgz 0ms (cache hit)
246 http cache @types/cors@https://registry.npmjs.org/@types/cors/-/cors-2.8.19.tgz 1ms (cache hit)
247 http cache @types/connect@https://registry.npmjs.org/@types/connect/-/connect-3.4.38.tgz 0ms (cache hit)
248 http cache @types/bcryptjs@https://registry.npmjs.org/@types/bcryptjs/-/bcryptjs-2.4.6.tgz 0ms (cache hit)
249 http cache @types/cookie-parser@https://registry.npmjs.org/@types/cookie-parser/-/cookie-parser-1.4.10.tgz 0ms (cache hit)
250 http cache @types/body-parser@https://registry.npmjs.org/@types/body-parser/-/body-parser-1.19.6.tgz 0ms (cache hit)
251 http cache @tsconfig/node16@https://registry.npmjs.org/@tsconfig/node16/-/node16-1.0.4.tgz 0ms (cache hit)
252 http cache @tsconfig/node14@https://registry.npmjs.org/@tsconfig/node14/-/node14-1.0.3.tgz 0ms (cache hit)
253 http cache @prisma/get-platform@https://registry.npmjs.org/@prisma/get-platform/-/get-platform-5.22.0.tgz 0ms (cache hit)
254 http cache @tsconfig/node12@https://registry.npmjs.org/@tsconfig/node12/-/node12-1.0.11.tgz 0ms (cache hit)
255 http cache @prisma/fetch-engine@https://registry.npmjs.org/@prisma/fetch-engine/-/fetch-engine-5.22.0.tgz 0ms (cache hit)
256 http cache @tsconfig/node10@https://registry.npmjs.org/@tsconfig/node10/-/node10-1.0.11.tgz 0ms (cache hit)
257 http cache @prisma/engines-version@https://registry.npmjs.org/@prisma/engines-version/-/engines-version-5.22.0-44.605197351a3c8bdd595af2d2a9bc3025bca48ea2.tgz 0ms (cache hit)
258 http cache @prisma/engines@https://registry.npmjs.org/@prisma/engines/-/engines-5.22.0.tgz 0ms (cache hit)
259 http cache @prisma/debug@https://registry.npmjs.org/@prisma/debug/-/debug-5.22.0.tgz 0ms (cache hit)
260 http cache @prisma/client@https://registry.npmjs.org/@prisma/client/-/client-5.22.0.tgz 0ms (cache hit)
261 http cache arg@https://registry.npmjs.org/arg/-/arg-4.1.3.tgz 0ms (cache hit)
262 http cache debug@https://registry.npmjs.org/debug/-/debug-2.6.9.tgz 0ms (cache hit)
263 http cache strip-json-comments@https://registry.npmjs.org/strip-json-comments/-/strip-json-comments-2.0.1.tgz 0ms (cache hit)
264 http cache ms@https://registry.npmjs.org/ms/-/ms-2.0.0.tgz 0ms (cache hit)
265 http cache encodeurl@https://registry.npmjs.org/encodeurl/-/encodeurl-1.0.2.tgz 0ms (cache hit)
266 http cache minimatch@https://registry.npmjs.org/minimatch/-/minimatch-3.1.2.tgz 0ms (cache hit)
267 http cache glob@https://registry.npmjs.org/glob/-/glob-7.2.3.tgz 0ms (cache hit)
268 http cache brace-expansion@https://registry.npmjs.org/brace-expansion/-/brace-expansion-1.1.12.tgz 0ms (cache hit)
269 http cache ms@https://registry.npmjs.org/ms/-/ms-2.0.0.tgz 0ms (cache hit)
270 http cache debug@https://registry.npmjs.org/debug/-/debug-2.6.9.tgz 0ms (cache hit)
271 http cache on-finished@https://registry.npmjs.org/on-finished/-/on-finished-2.3.0.tgz 0ms (cache hit)
272 http cache @cspotcode/source-map-support@https://registry.npmjs.org/@cspotcode/source-map-support/-/source-map-support-0.8.1.tgz 0ms (cache hit)
273 http cache debug@https://registry.npmjs.org/debug/-/debug-2.6.9.tgz 0ms (cache hit)
274 http cache ms@https://registry.npmjs.org/ms/-/ms-2.0.0.tgz 0ms (cache hit)
275 http cache cookie@https://registry.npmjs.org/cookie/-/cookie-0.7.1.tgz 0ms (cache hit)
276 http cache debug@https://registry.npmjs.org/debug/-/debug-2.6.9.tgz 0ms (cache hit)
277 http cache ms@https://registry.npmjs.org/ms/-/ms-2.0.0.tgz 0ms (cache hit)
278 http cache ms@https://registry.npmjs.org/ms/-/ms-2.0.0.tgz 0ms (cache hit)
279 http cache safe-buffer@https://registry.npmjs.org/safe-buffer/-/safe-buffer-5.1.2.tgz 0ms (cache hit)
280 http cache @types/send@https://registry.npmjs.org/@types/send/-/send-0.17.6.tgz 0ms (cache hit)
281 http cache debug@https://registry.npmjs.org/debug/-/debug-2.6.9.tgz 0ms (cache hit)
282 http cache @jridgewell/trace-mapping@https://registry.npmjs.org/@jridgewell/trace-mapping/-/trace-mapping-0.3.9.tgz 0ms (cache hit)
283 silly tarball no local data for wrappy@https://registry.npmjs.org/wrappy/-/wrappy-1.0.2.tgz. Extracting by manifest.
284 silly tarball no local data for yn@https://registry.npmjs.org/yn/-/yn-3.1.1.tgz. Extracting by manifest.
285 silly tarball no local data for vary@https://registry.npmjs.org/vary/-/vary-1.1.2.tgz. Extracting by manifest.
286 silly tarball no local data for xtend@https://registry.npmjs.org/xtend/-/xtend-4.0.2.tgz. Extracting by manifest.
287 silly tarball no local data for utils-merge@https://registry.npmjs.org/utils-merge/-/utils-merge-1.0.1.tgz. Extracting by manifest.
288 silly tarball no local data for zod@https://registry.npmjs.org/zod/-/zod-3.25.76.tgz. Extracting by manifest.
289 silly tarball no local data for v8-compile-cache-lib@https://registry.npmjs.org/v8-compile-cache-lib/-/v8-compile-cache-lib-3.0.1.tgz. Extracting by manifest.
290 silly tarball no local data for tsconfig@https://registry.npmjs.org/tsconfig/-/tsconfig-7.0.0.tgz. Extracting by manifest.
291 silly tarball no local data for type-is@https://registry.npmjs.org/type-is/-/type-is-1.6.18.tgz. Extracting by manifest.
292 silly tarball no local data for unpipe@https://registry.npmjs.org/unpipe/-/unpipe-1.0.0.tgz. Extracting by manifest.
293 silly tarball no local data for tree-kill@https://registry.npmjs.org/tree-kill/-/tree-kill-1.2.2.tgz. Extracting by manifest.
294 silly tarball no local data for strip-bom@https://registry.npmjs.org/strip-bom/-/strip-bom-3.0.0.tgz. Extracting by manifest.
295 silly tarball no local data for ts-node@https://registry.npmjs.org/ts-node/-/ts-node-10.9.2.tgz. Extracting by manifest.
296 silly tarball no local data for statuses@https://registry.npmjs.org/statuses/-/statuses-2.0.1.tgz. Extracting by manifest.
297 silly tarball no local data for source-map-support@https://registry.npmjs.org/source-map-support/-/source-map-support-0.5.21.tgz. Extracting by manifest.
298 silly tarball no local data for toidentifier@https://registry.npmjs.org/toidentifier/-/toidentifier-1.0.1.tgz. Extracting by manifest.
299 silly tarball no local data for ts-node-dev@https://registry.npmjs.org/ts-node-dev/-/ts-node-dev-2.0.0.tgz. Extracting by manifest.
300 silly tarball no local data for source-map@https://registry.npmjs.org/source-map/-/source-map-0.6.1.tgz. Extracting by manifest.
301 silly tarball no local data for side-channel@https://registry.npmjs.org/side-channel/-/side-channel-1.1.0.tgz. Extracting by manifest.
302 silly tarball no local data for side-channel-list@https://registry.npmjs.org/side-channel-list/-/side-channel-list-1.0.0.tgz. Extracting by manifest.
303 silly tarball no local data for setprototypeof@https://registry.npmjs.org/setprototypeof/-/setprototypeof-1.2.0.tgz. Extracting by manifest.
304 silly tarball no local data for serve-static@https://registry.npmjs.org/serve-static/-/serve-static-1.16.2.tgz. Extracting by manifest.
305 silly tarball no local data for send@https://registry.npmjs.org/send/-/send-0.19.0.tgz. Extracting by manifest.
306 silly tarball no local data for side-channel-weakmap@https://registry.npmjs.org/side-channel-weakmap/-/side-channel-weakmap-1.0.2.tgz. Extracting by manifest.
307 silly tarball no local data for rimraf@https://registry.npmjs.org/rimraf/-/rimraf-2.7.1.tgz. Extracting by manifest.
308 silly tarball no local data for safer-buffer@https://registry.npmjs.org/safer-buffer/-/safer-buffer-2.1.2.tgz. Extracting by manifest.
309 silly tarball no local data for side-channel-map@https://registry.npmjs.org/side-channel-map/-/side-channel-map-1.0.1.tgz. Extracting by manifest.
310 silly tarball no local data for raw-body@https://registry.npmjs.org/raw-body/-/raw-body-2.5.2.tgz. Extracting by manifest.
311 silly tarball no local data for safe-buffer@https://registry.npmjs.org/safe-buffer/-/safe-buffer-5.2.1.tgz. Extracting by manifest.
312 silly tarball no local data for range-parser@https://registry.npmjs.org/range-parser/-/range-parser-1.2.1.tgz. Extracting by manifest.
313 silly tarball no local data for qs@https://registry.npmjs.org/qs/-/qs-6.13.0.tgz. Extracting by manifest.
314 silly tarball no local data for proxy-addr@https://registry.npmjs.org/proxy-addr/-/proxy-addr-2.0.7.tgz. Extracting by manifest.
315 silly tarball no local data for path-is-absolute@https://registry.npmjs.org/path-is-absolute/-/path-is-absolute-1.0.1.tgz. Extracting by manifest.
316 silly tarball no local data for parseurl@https://registry.npmjs.org/parseurl/-/parseurl-1.3.3.tgz. Extracting by manifest.
317 silly tarball no local data for path-to-regexp@https://registry.npmjs.org/path-to-regexp/-/path-to-regexp-0.1.12.tgz. Extracting by manifest.
318 silly tarball no local data for once@https://registry.npmjs.org/once/-/once-1.4.0.tgz. Extracting by manifest.
319 silly tarball no local data for on-finished@https://registry.npmjs.org/on-finished/-/on-finished-2.4.1.tgz. Extracting by manifest.
320 silly tarball no local data for prisma@https://registry.npmjs.org/prisma/-/prisma-5.22.0.tgz. Extracting by manifest.
321 silly tarball no local data for on-headers@https://registry.npmjs.org/on-headers/-/on-headers-1.1.0.tgz. Extracting by manifest.
322 silly tarball no local data for mkdirp@https://registry.npmjs.org/mkdirp/-/mkdirp-1.0.4.tgz. Extracting by manifest.
323 silly tarball no local data for minimist@https://registry.npmjs.org/minimist/-/minimist-1.2.8.tgz. Extracting by manifest.
324 silly tarball no local data for morgan@https://registry.npmjs.org/morgan/-/morgan-1.10.1.tgz. Extracting by manifest.
325 silly tarball no local data for negotiator@https://registry.npmjs.org/negotiator/-/negotiator-0.6.3.tgz. Extracting by manifest.
326 silly tarball no local data for methods@https://registry.npmjs.org/methods/-/methods-1.1.2.tgz. Extracting by manifest.
327 silly tarball no local data for object-inspect@https://registry.npmjs.org/object-inspect/-/object-inspect-1.13.4.tgz. Extracting by manifest.
328 silly tarball no local data for merge-descriptors@https://registry.npmjs.org/merge-descriptors/-/merge-descriptors-1.0.3.tgz. Extracting by manifest.
329 silly tarball no local data for mime@https://registry.npmjs.org/mime/-/mime-1.6.0.tgz. Extracting by manifest.
330 silly tarball no local data for make-error@https://registry.npmjs.org/make-error/-/make-error-1.3.6.tgz. Extracting by manifest.
331 silly tarball no local data for lodash.once@https://registry.npmjs.org/lodash.once/-/lodash.once-4.1.1.tgz. Extracting by manifest.
332 silly tarball no local data for lodash.isstring@https://registry.npmjs.org/lodash.isstring/-/lodash.isstring-4.0.1.tgz. Extracting by manifest.
333 silly tarball no local data for lodash.isplainobject@https://registry.npmjs.org/lodash.isplainobject/-/lodash.isplainobject-4.0.6.tgz. Extracting by manifest.
334 silly tarball no local data for lodash.isinteger@https://registry.npmjs.org/lodash.isinteger/-/lodash.isinteger-4.0.4.tgz. Extracting by manifest.
335 silly tarball no local data for media-typer@https://registry.npmjs.org/media-typer/-/media-typer-0.3.0.tgz. Extracting by manifest.
336 silly tarball no local data for lodash.isnumber@https://registry.npmjs.org/lodash.isnumber/-/lodash.isnumber-3.0.3.tgz. Extracting by manifest.
337 silly tarball no local data for lodash.isboolean@https://registry.npmjs.org/lodash.isboolean/-/lodash.isboolean-3.0.3.tgz. Extracting by manifest.
338 silly tarball no local data for lodash.includes@https://registry.npmjs.org/lodash.includes/-/lodash.includes-4.3.0.tgz. Extracting by manifest.
339 silly tarball no local data for jsonwebtoken@https://registry.npmjs.org/jsonwebtoken/-/jsonwebtoken-9.0.2.tgz. Extracting by manifest.
340 silly tarball no local data for jws@https://registry.npmjs.org/jws/-/jws-3.2.2.tgz. Extracting by manifest.
341 silly tarball no local data for inherits@https://registry.npmjs.org/inherits/-/inherits-2.0.4.tgz. Extracting by manifest.
342 silly tarball no local data for jwa@https://registry.npmjs.org/jwa/-/jwa-1.4.2.tgz. Extracting by manifest.
343 silly tarball no local data for helmet@https://registry.npmjs.org/helmet/-/helmet-7.2.0.tgz. Extracting by manifest.
344 silly tarball no local data for http-errors@https://registry.npmjs.org/http-errors/-/http-errors-2.0.0.tgz. Extracting by manifest.
345 silly tarball no local data for inflight@https://registry.npmjs.org/inflight/-/inflight-1.0.6.tgz. Extracting by manifest.
346 silly tarball no local data for finalhandler@https://registry.npmjs.org/finalhandler/-/finalhandler-1.3.1.tgz. Extracting by manifest.
347 silly tarball no local data for fresh@https://registry.npmjs.org/fresh/-/fresh-0.5.2.tgz. Extracting by manifest.
348 silly tarball no local data for fs.realpath@https://registry.npmjs.org/fs.realpath/-/fs.realpath-1.0.0.tgz. Extracting by manifest.
349 silly tarball no local data for forwarded@https://registry.npmjs.org/forwarded/-/forwarded-0.2.0.tgz. Extracting by manifest.
350 silly tarball no local data for ipaddr.js@https://registry.npmjs.org/ipaddr.js/-/ipaddr.js-1.9.1.tgz. Extracting by manifest.
351 silly tarball no local data for express@https://registry.npmjs.org/express/-/express-4.21.2.tgz. Extracting by manifest.
352 silly tarball no local data for etag@https://registry.npmjs.org/etag/-/etag-1.8.1.tgz. Extracting by manifest.
353 silly tarball no local data for iconv-lite@https://registry.npmjs.org/iconv-lite/-/iconv-lite-0.4.24.tgz. Extracting by manifest.
354 silly tarball no local data for express-async-errors@https://registry.npmjs.org/express-async-errors/-/express-async-errors-3.1.1.tgz. Extracting by manifest.
355 silly tarball no local data for ee-first@https://registry.npmjs.org/ee-first/-/ee-first-1.1.1.tgz. Extracting by manifest.
356 silly tarball no local data for dotenv@https://registry.npmjs.org/dotenv/-/dotenv-16.6.1.tgz. Extracting by manifest.
357 silly tarball no local data for escape-html@https://registry.npmjs.org/escape-html/-/escape-html-1.0.3.tgz. Extracting by manifest.
358 silly tarball no local data for encodeurl@https://registry.npmjs.org/encodeurl/-/encodeurl-2.0.0.tgz. Extracting by manifest.
359 silly tarball no local data for dynamic-dedupe@https://registry.npmjs.org/dynamic-dedupe/-/dynamic-dedupe-0.3.0.tgz. Extracting by manifest.
360 silly tarball no local data for depd@https://registry.npmjs.org/depd/-/depd-2.0.0.tgz. Extracting by manifest.
361 silly tarball no local data for ecdsa-sig-formatter@https://registry.npmjs.org/ecdsa-sig-formatter/-/ecdsa-sig-formatter-1.0.11.tgz. Extracting by manifest.
362 silly tarball no local data for cors@https://registry.npmjs.org/cors/-/cors-2.8.5.tgz. Extracting by manifest.
363 silly tarball no local data for diff@https://registry.npmjs.org/diff/-/diff-4.0.2.tgz. Extracting by manifest.
364 silly tarball no local data for destroy@https://registry.npmjs.org/destroy/-/destroy-1.2.0.tgz. Extracting by manifest.
365 silly tarball no local data for content-disposition@https://registry.npmjs.org/content-disposition/-/content-disposition-0.5.4.tgz. Extracting by manifest.
366 silly tarball no local data for content-type@https://registry.npmjs.org/content-type/-/content-type-1.0.5.tgz. Extracting by manifest.
367 silly tarball no local data for create-require@https://registry.npmjs.org/create-require/-/create-require-1.1.1.tgz. Extracting by manifest.
368 silly tarball no local data for call-bound@https://registry.npmjs.org/call-bound/-/call-bound-1.0.4.tgz. Extracting by manifest.
369 silly tarball no local data for cookie-signature@https://registry.npmjs.org/cookie-signature/-/cookie-signature-1.0.6.tgz. Extracting by manifest.
370 silly tarball no local data for bytes@https://registry.npmjs.org/bytes/-/bytes-3.1.2.tgz. Extracting by manifest.
371 silly tarball no local data for buffer-from@https://registry.npmjs.org/buffer-from/-/buffer-from-1.1.2.tgz. Extracting by manifest.
372 silly tarball no local data for cookie@https://registry.npmjs.org/cookie/-/cookie-0.7.2.tgz. Extracting by manifest.
373 silly tarball no local data for cookie-parser@https://registry.npmjs.org/cookie-parser/-/cookie-parser-1.4.7.tgz. Extracting by manifest.
374 silly tarball no local data for bcryptjs@https://registry.npmjs.org/bcryptjs/-/bcryptjs-2.4.3.tgz. Extracting by manifest.
375 silly tarball no local data for basic-auth@https://registry.npmjs.org/basic-auth/-/basic-auth-2.0.1.tgz. Extracting by manifest.
376 silly tarball no local data for body-parser@https://registry.npmjs.org/body-parser/-/body-parser-1.20.3.tgz. Extracting by manifest.
377 silly tarball no local data for buffer-equal-constant-time@https://registry.npmjs.org/buffer-equal-constant-time/-/buffer-equal-constant-time-1.0.1.tgz. Extracting by manifest.
378 silly tarball no local data for array-flatten@https://registry.npmjs.org/array-flatten/-/array-flatten-1.1.1.tgz. Extracting by manifest.
379 silly tarball no local data for accepts@https://registry.npmjs.org/accepts/-/accepts-1.3.8.tgz. Extracting by manifest.
380 silly tarball no local data for acorn-walk@https://registry.npmjs.org/acorn-walk/-/acorn-walk-8.3.4.tgz. Extracting by manifest.
381 silly tarball no local data for @types/strip-bom@https://registry.npmjs.org/@types/strip-bom/-/strip-bom-3.0.0.tgz. Extracting by manifest.
382 silly tarball no local data for @types/qs@https://registry.npmjs.org/@types/qs/-/qs-6.14.0.tgz. Extracting by manifest.
383 silly tarball no local data for @types/ms@https://registry.npmjs.org/@types/ms/-/ms-2.1.0.tgz. Extracting by manifest.
384 silly tarball no local data for @types/range-parser@https://registry.npmjs.org/@types/range-parser/-/range-parser-1.2.7.tgz. Extracting by manifest.
385 silly tarball no local data for @types/send@https://registry.npmjs.org/@types/send/-/send-1.2.1.tgz. Extracting by manifest.
386 silly tarball no local data for @types/serve-static@https://registry.npmjs.org/@types/serve-static/-/serve-static-1.15.10.tgz. Extracting by manifest.
387 silly tarball no local data for @types/strip-json-comments@https://registry.npmjs.org/@types/strip-json-comments/-/strip-json-comments-0.0.30.tgz. Extracting by manifest.
388 silly tarball no local data for @types/mime@https://registry.npmjs.org/@types/mime/-/mime-1.3.5.tgz. Extracting by manifest.
389 silly tarball no local data for @types/jsonwebtoken@https://registry.npmjs.org/@types/jsonwebtoken/-/jsonwebtoken-9.0.10.tgz. Extracting by manifest.
390 silly tarball no local data for @types/express-serve-static-core@https://registry.npmjs.org/@types/express-serve-static-core/-/express-serve-static-core-4.19.7.tgz. Extracting by manifest.
391 silly tarball no local data for @types/express@https://registry.npmjs.org/@types/express/-/express-4.17.25.tgz. Extracting by manifest.
392 silly tarball no local data for @types/connect@https://registry.npmjs.org/@types/connect/-/connect-3.4.38.tgz. Extracting by manifest.
393 silly tarball no local data for @types/bcryptjs@https://registry.npmjs.org/@types/bcryptjs/-/bcryptjs-2.4.6.tgz. Extracting by manifest.
394 silly tarball no local data for @types/cookie-parser@https://registry.npmjs.org/@types/cookie-parser/-/cookie-parser-1.4.10.tgz. Extracting by manifest.
395 silly tarball no local data for @types/body-parser@https://registry.npmjs.org/@types/body-parser/-/body-parser-1.19.6.tgz. Extracting by manifest.
396 silly tarball no local data for @tsconfig/node16@https://registry.npmjs.org/@tsconfig/node16/-/node16-1.0.4.tgz. Extracting by manifest.
397 silly tarball no local data for @tsconfig/node14@https://registry.npmjs.org/@tsconfig/node14/-/node14-1.0.3.tgz. Extracting by manifest.
398 silly tarball no local data for @prisma/get-platform@https://registry.npmjs.org/@prisma/get-platform/-/get-platform-5.22.0.tgz. Extracting by manifest.
399 silly tarball no local data for @types/morgan@https://registry.npmjs.org/@types/morgan/-/morgan-1.9.10.tgz. Extracting by manifest.
400 silly tarball no local data for @tsconfig/node12@https://registry.npmjs.org/@tsconfig/node12/-/node12-1.0.11.tgz. Extracting by manifest.
401 silly tarball no local data for @types/cors@https://registry.npmjs.org/@types/cors/-/cors-2.8.19.tgz. Extracting by manifest.
402 silly tarball no local data for @prisma/fetch-engine@https://registry.npmjs.org/@prisma/fetch-engine/-/fetch-engine-5.22.0.tgz. Extracting by manifest.
403 silly tarball no local data for @prisma/engines-version@https://registry.npmjs.org/@prisma/engines-version/-/engines-version-5.22.0-44.605197351a3c8bdd595af2d2a9bc3025bca48ea2.tgz. Extracting by manifest.
404 silly tarball no local data for @tsconfig/node10@https://registry.npmjs.org/@tsconfig/node10/-/node10-1.0.11.tgz. Extracting by manifest.
405 silly tarball no local data for @types/http-errors@https://registry.npmjs.org/@types/http-errors/-/http-errors-2.0.5.tgz. Extracting by manifest.
406 silly tarball no local data for @prisma/debug@https://registry.npmjs.org/@prisma/debug/-/debug-5.22.0.tgz. Extracting by manifest.
407 silly tarball no local data for arg@https://registry.npmjs.org/arg/-/arg-4.1.3.tgz. Extracting by manifest.
408 silly tarball no local data for debug@https://registry.npmjs.org/debug/-/debug-2.6.9.tgz. Extracting by manifest.
409 silly tarball no local data for ms@https://registry.npmjs.org/ms/-/ms-2.0.0.tgz. Extracting by manifest.
410 silly tarball no local data for encodeurl@https://registry.npmjs.org/encodeurl/-/encodeurl-1.0.2.tgz. Extracting by manifest.
411 silly tarball no local data for glob@https://registry.npmjs.org/glob/-/glob-7.2.3.tgz. Extracting by manifest.
412 silly tarball no local data for ms@https://registry.npmjs.org/ms/-/ms-2.0.0.tgz. Extracting by manifest.
413 silly tarball no local data for debug@https://registry.npmjs.org/debug/-/debug-2.6.9.tgz. Extracting by manifest.
414 silly tarball no local data for @prisma/client@https://registry.npmjs.org/@prisma/client/-/client-5.22.0.tgz. Extracting by manifest.
415 silly tarball no local data for @prisma/engines@https://registry.npmjs.org/@prisma/engines/-/engines-5.22.0.tgz. Extracting by manifest.
416 silly tarball no local data for strip-json-comments@https://registry.npmjs.org/strip-json-comments/-/strip-json-comments-2.0.1.tgz. Extracting by manifest.
417 silly tarball no local data for debug@https://registry.npmjs.org/debug/-/debug-2.6.9.tgz. Extracting by manifest.
418 silly tarball no local data for ms@https://registry.npmjs.org/ms/-/ms-2.0.0.tgz. Extracting by manifest.
419 silly tarball no local data for on-finished@https://registry.npmjs.org/on-finished/-/on-finished-2.3.0.tgz. Extracting by manifest.
420 silly tarball no local data for debug@https://registry.npmjs.org/debug/-/debug-2.6.9.tgz. Extracting by manifest.
421 silly tarball no local data for ms@https://registry.npmjs.org/ms/-/ms-2.0.0.tgz. Extracting by manifest.
422 silly tarball no local data for cookie@https://registry.npmjs.org/cookie/-/cookie-0.7.1.tgz. Extracting by manifest.
423 silly tarball no local data for ms@https://registry.npmjs.org/ms/-/ms-2.0.0.tgz. Extracting by manifest.
424 silly tarball no local data for @cspotcode/source-map-support@https://registry.npmjs.org/@cspotcode/source-map-support/-/source-map-support-0.8.1.tgz. Extracting by manifest.
425 silly tarball no local data for debug@https://registry.npmjs.org/debug/-/debug-2.6.9.tgz. Extracting by manifest.
426 silly tarball no local data for @types/send@https://registry.npmjs.org/@types/send/-/send-0.17.6.tgz. Extracting by manifest.
427 silly tarball no local data for safe-buffer@https://registry.npmjs.org/safe-buffer/-/safe-buffer-5.1.2.tgz. Extracting by manifest.
428 silly tarball no local data for @jridgewell/trace-mapping@https://registry.npmjs.org/@jridgewell/trace-mapping/-/trace-mapping-0.3.9.tgz. Extracting by manifest.
429 http fetch GET https://registry.npmjs.org/wrappy/-/wrappy-1.0.2.tgz attempt 1 failed with ENOTFOUND
430 http fetch GET https://registry.npmjs.org/vary/-/vary-1.1.2.tgz attempt 1 failed with ENOTFOUND
431 http fetch GET https://registry.npmjs.org/zod/-/zod-3.25.76.tgz attempt 1 failed with ENOTFOUND
432 http fetch GET https://registry.npmjs.org/yn/-/yn-3.1.1.tgz attempt 1 failed with ENOTFOUND
433 http fetch GET https://registry.npmjs.org/utils-merge/-/utils-merge-1.0.1.tgz attempt 1 failed with ENOTFOUND
434 http fetch GET https://registry.npmjs.org/v8-compile-cache-lib/-/v8-compile-cache-lib-3.0.1.tgz attempt 1 failed with ENOTFOUND
435 http fetch GET https://registry.npmjs.org/type-is/-/type-is-1.6.18.tgz attempt 1 failed with ENOTFOUND
436 http fetch GET https://registry.npmjs.org/tree-kill/-/tree-kill-1.2.2.tgz attempt 1 failed with ENOTFOUND
437 http fetch GET https://registry.npmjs.org/strip-bom/-/strip-bom-3.0.0.tgz attempt 1 failed with ENOTFOUND
438 http fetch GET https://registry.npmjs.org/unpipe/-/unpipe-1.0.0.tgz attempt 1 failed with ENOTFOUND
439 http fetch GET https://registry.npmjs.org/tsconfig/-/tsconfig-7.0.0.tgz attempt 1 failed with ENOTFOUND
440 http fetch GET https://registry.npmjs.org/xtend/-/xtend-4.0.2.tgz attempt 1 failed with ENOTFOUND
441 http fetch GET https://registry.npmjs.org/ts-node/-/ts-node-10.9.2.tgz attempt 1 failed with ENOTFOUND
442 http fetch GET https://registry.npmjs.org/source-map-support/-/source-map-support-0.5.21.tgz attempt 1 failed with ENOTFOUND
443 http fetch GET https://registry.npmjs.org/toidentifier/-/toidentifier-1.0.1.tgz attempt 1 failed with ENOTFOUND
444 http fetch GET https://registry.npmjs.org/wrappy/-/wrappy-1.0.2.tgz attempt 2 failed with ENOTFOUND
445 http fetch GET https://registry.npmjs.org/vary/-/vary-1.1.2.tgz attempt 2 failed with ENOTFOUND
446 http fetch GET https://registry.npmjs.org/zod/-/zod-3.25.76.tgz attempt 2 failed with ENOTFOUND
447 http fetch GET https://registry.npmjs.org/yn/-/yn-3.1.1.tgz attempt 2 failed with ENOTFOUND
448 http fetch GET https://registry.npmjs.org/utils-merge/-/utils-merge-1.0.1.tgz attempt 2 failed with ENOTFOUND
449 http fetch GET https://registry.npmjs.org/v8-compile-cache-lib/-/v8-compile-cache-lib-3.0.1.tgz attempt 2 failed with ENOTFOUND
450 http fetch GET https://registry.npmjs.org/type-is/-/type-is-1.6.18.tgz attempt 2 failed with ENOTFOUND
451 http fetch GET https://registry.npmjs.org/tree-kill/-/tree-kill-1.2.2.tgz attempt 2 failed with ENOTFOUND
452 http fetch GET https://registry.npmjs.org/strip-bom/-/strip-bom-3.0.0.tgz attempt 2 failed with ENOTFOUND
453 http fetch GET https://registry.npmjs.org/unpipe/-/unpipe-1.0.0.tgz attempt 2 failed with ENOTFOUND
454 http fetch GET https://registry.npmjs.org/tsconfig/-/tsconfig-7.0.0.tgz attempt 2 failed with ENOTFOUND
455 http fetch GET https://registry.npmjs.org/xtend/-/xtend-4.0.2.tgz attempt 2 failed with ENOTFOUND
456 http fetch GET https://registry.npmjs.org/ts-node/-/ts-node-10.9.2.tgz attempt 2 failed with ENOTFOUND
457 http fetch GET https://registry.npmjs.org/source-map-support/-/source-map-support-0.5.21.tgz attempt 2 failed with ENOTFOUND
458 http fetch GET https://registry.npmjs.org/toidentifier/-/toidentifier-1.0.1.tgz attempt 2 failed with ENOTFOUND
459 http fetch GET https://registry.npmjs.org/wrappy/-/wrappy-1.0.2.tgz attempt 3 failed with ENOTFOUND
460 http fetch GET https://registry.npmjs.org/vary/-/vary-1.1.2.tgz attempt 3 failed with ENOTFOUND
461 http fetch GET https://registry.npmjs.org/zod/-/zod-3.25.76.tgz attempt 3 failed with ENOTFOUND
462 http fetch GET https://registry.npmjs.org/yn/-/yn-3.1.1.tgz attempt 3 failed with ENOTFOUND
463 http fetch GET https://registry.npmjs.org/utils-merge/-/utils-merge-1.0.1.tgz attempt 3 failed with ENOTFOUND
464 http fetch GET https://registry.npmjs.org/v8-compile-cache-lib/-/v8-compile-cache-lib-3.0.1.tgz attempt 3 failed with ENOTFOUND
465 http fetch GET https://registry.npmjs.org/type-is/-/type-is-1.6.18.tgz attempt 3 failed with ENOTFOUND
466 http fetch GET https://registry.npmjs.org/tree-kill/-/tree-kill-1.2.2.tgz attempt 3 failed with ENOTFOUND
467 http fetch GET https://registry.npmjs.org/strip-bom/-/strip-bom-3.0.0.tgz attempt 3 failed with ENOTFOUND
468 http fetch GET https://registry.npmjs.org/unpipe/-/unpipe-1.0.0.tgz attempt 3 failed with ENOTFOUND
469 http fetch GET https://registry.npmjs.org/tsconfig/-/tsconfig-7.0.0.tgz attempt 3 failed with ENOTFOUND
470 http fetch GET https://registry.npmjs.org/xtend/-/xtend-4.0.2.tgz attempt 3 failed with ENOTFOUND
471 http fetch GET https://registry.npmjs.org/ts-node/-/ts-node-10.9.2.tgz attempt 3 failed with ENOTFOUND
472 http fetch GET https://registry.npmjs.org/source-map-support/-/source-map-support-0.5.21.tgz attempt 3 failed with ENOTFOUND
473 http fetch GET https://registry.npmjs.org/toidentifier/-/toidentifier-1.0.1.tgz attempt 3 failed with ENOTFOUND
474 verbose cwd /Users/zakaria/Documents/AllProjects-react/BiblioSmart
475 verbose os Darwin 23.6.0
476 verbose node v22.19.0
477 verbose npm  v10.9.3
478 error Exit handler never called!
479 error This is an error with npm itself. Please report this error at:
480 error   <https://github.com/npm/cli/issues>
481 verbose exit 1
482 verbose code 1
483 error A complete log of this run can be found in: /Users/zakaria/Documents/AllProjects-react/BiblioSmart/.npm-cache/_logs/2025-11-02T00_47_04_158Z-debug-0.log
